ERROR - 2023-11-22 04:27:47 --> mysqli_sql_exception: Cannot add or update a child row: a foreign key constraint fails (`app_agencia`.`reservas`, CONSTRAINT `reservas_ibfk_1` FOREIGN KEY (`ID_Cliente`) REFERENCES `clientes` (`ID_Cliente`)) in /home/app/public_html/agencia/system/Database/MySQLi/Connection.php:295
Stack trace:
#0 /home/app/public_html/agencia/system/Database/MySQLi/Connection.php(295): mysqli->query('INSERT INTO `re...', 0)
#1 /home/app/public_html/agencia/system/Database/BaseConnection.php(691): CodeIgniter\Database\MySQLi\Connection->execute('INSERT INTO `re...')
#2 /home/app/public_html/agencia/system/Database/BaseConnection.php(605): CodeIgniter\Database\BaseConnection->simpleQuery('INSERT INTO `re...')
#3 /home/app/public_html/agencia/system/Database/BaseBuilder.php(2309): CodeIgniter\Database\BaseConnection->query('INSERT INTO `re...', Array, false)
#4 /home/app/public_html/agencia/system/Model.php(330): CodeIgniter\Database\BaseBuilder->insert()
#5 /home/app/public_html/agencia/system/BaseModel.php(782): CodeIgniter\Model->doInsert(Array)
#6 /home/app/public_html/agencia/system/Model.php(730): CodeIgniter\BaseModel->insert(Array, true)
#7 /home/app/public_html/agencia/app/Controllers/Reservas.php(134): CodeIgniter\Model->insert(Array)
#8 /home/app/public_html/agencia/system/CodeIgniter.php(934): App\Controllers\Reservas->create()
#9 /home/app/public_html/agencia/system/CodeIgniter.php(499): CodeIgniter\CodeIgniter->runController(Object(App\Controllers\Reservas))
#10 /home/app/public_html/agencia/system/CodeIgniter.php(368): CodeIgniter\CodeIgniter->handleRequest(NULL, Object(Config\Cache), false)
#11 /home/app/public_html/agencia/index.php(67): CodeIgniter\CodeIgniter->run()
#12 {main}
CRITICAL - 2023-11-22 04:27:47 --> Cannot add or update a child row: a foreign key constraint fails (`app_agencia`.`reservas`, CONSTRAINT `reservas_ibfk_1` FOREIGN KEY (`ID_Cliente`) REFERENCES `clientes` (`ID_Cliente`))
in SYSTEMPATH/Database/MySQLi/Connection.php on line 295.
 1 SYSTEMPATH/Database/MySQLi/Connection.php(295): mysqli->query('INSERT INTO `reservas` (`ID_Cliente`, `ID_Paquete`, `fechaInicio`, `fechaFin`) VALUES (\'2\', \'20\', \'421412\', \'421421412\')', 0)
 2 SYSTEMPATH/Database/BaseConnection.php(691): CodeIgniter\Database\MySQLi\Connection->execute('INSERT INTO `reservas` (`ID_Cliente`, `ID_Paquete`, `fechaInicio`, `fechaFin`) VALUES (\'2\', \'20\', \'421412\', \'421421412\')')
 3 SYSTEMPATH/Database/BaseConnection.php(605): CodeIgniter\Database\BaseConnection->simpleQuery('INSERT INTO `reservas` (`ID_Cliente`, `ID_Paquete`, `fechaInicio`, `fechaFin`) VALUES (\'2\', \'20\', \'421412\', \'421421412\')')
 4 SYSTEMPATH/Database/BaseBuilder.php(2309): CodeIgniter\Database\BaseConnection->query('INSERT INTO `reservas` (`ID_Cliente`, `ID_Paquete`, `fechaInicio`, `fechaFin`) VALUES (:ID_Cliente:, :ID_Paquete:, :fechaInicio:, :fechaFin:)', [...], false)
 5 SYSTEMPATH/Model.php(330): CodeIgniter\Database\BaseBuilder->insert()
 6 SYSTEMPATH/BaseModel.php(782): CodeIgniter\Model->doInsert([...])
 7 SYSTEMPATH/Model.php(730): CodeIgniter\BaseModel->insert([...], true)
 8 APPPATH/Controllers/Reservas.php(134): CodeIgniter\Model->insert([...])
 9 SYSTEMPATH/CodeIgniter.php(934): App\Controllers\Reservas->create()
10 SYSTEMPATH/CodeIgniter.php(499): CodeIgniter\CodeIgniter->runController(Object(App\Controllers\Reservas))
11 SYSTEMPATH/CodeIgniter.php(368): CodeIgniter\CodeIgniter->handleRequest(null, Object(Config\Cache), false)
12 FCPATH/index.php(67): CodeIgniter\CodeIgniter->run()
ERROR - 2023-11-22 04:27:55 --> mysqli_sql_exception: Cannot add or update a child row: a foreign key constraint fails (`app_agencia`.`reservas`, CONSTRAINT `reservas_ibfk_1` FOREIGN KEY (`ID_Cliente`) REFERENCES `clientes` (`ID_Cliente`)) in /home/app/public_html/agencia/system/Database/MySQLi/Connection.php:295
Stack trace:
#0 /home/app/public_html/agencia/system/Database/MySQLi/Connection.php(295): mysqli->query('INSERT INTO `re...', 0)
#1 /home/app/public_html/agencia/system/Database/BaseConnection.php(691): CodeIgniter\Database\MySQLi\Connection->execute('INSERT INTO `re...')
#2 /home/app/public_html/agencia/system/Database/BaseConnection.php(605): CodeIgniter\Database\BaseConnection->simpleQuery('INSERT INTO `re...')
#3 /home/app/public_html/agencia/system/Database/BaseBuilder.php(2309): CodeIgniter\Database\BaseConnection->query('INSERT INTO `re...', Array, false)
#4 /home/app/public_html/agencia/system/Model.php(330): CodeIgniter\Database\BaseBuilder->insert()
#5 /home/app/public_html/agencia/system/BaseModel.php(782): CodeIgniter\Model->doInsert(Array)
#6 /home/app/public_html/agencia/system/Model.php(730): CodeIgniter\BaseModel->insert(Array, true)
#7 /home/app/public_html/agencia/app/Controllers/Reservas.php(134): CodeIgniter\Model->insert(Array)
#8 /home/app/public_html/agencia/system/CodeIgniter.php(934): App\Controllers\Reservas->create()
#9 /home/app/public_html/agencia/system/CodeIgniter.php(499): CodeIgniter\CodeIgniter->runController(Object(App\Controllers\Reservas))
#10 /home/app/public_html/agencia/system/CodeIgniter.php(368): CodeIgniter\CodeIgniter->handleRequest(NULL, Object(Config\Cache), false)
#11 /home/app/public_html/agencia/index.php(67): CodeIgniter\CodeIgniter->run()
#12 {main}
CRITICAL - 2023-11-22 04:27:55 --> Cannot add or update a child row: a foreign key constraint fails (`app_agencia`.`reservas`, CONSTRAINT `reservas_ibfk_1` FOREIGN KEY (`ID_Cliente`) REFERENCES `clientes` (`ID_Cliente`))
in SYSTEMPATH/Database/MySQLi/Connection.php on line 295.
 1 SYSTEMPATH/Database/MySQLi/Connection.php(295): mysqli->query('INSERT INTO `reservas` (`ID_Cliente`, `ID_Paquete`, `fechaInicio`, `fechaFin`) VALUES (\'2\', \'20\', \'421412\', \'321312\')', 0)
 2 SYSTEMPATH/Database/BaseConnection.php(691): CodeIgniter\Database\MySQLi\Connection->execute('INSERT INTO `reservas` (`ID_Cliente`, `ID_Paquete`, `fechaInicio`, `fechaFin`) VALUES (\'2\', \'20\', \'421412\', \'321312\')')
 3 SYSTEMPATH/Database/BaseConnection.php(605): CodeIgniter\Database\BaseConnection->simpleQuery('INSERT INTO `reservas` (`ID_Cliente`, `ID_Paquete`, `fechaInicio`, `fechaFin`) VALUES (\'2\', \'20\', \'421412\', \'321312\')')
 4 SYSTEMPATH/Database/BaseBuilder.php(2309): CodeIgniter\Database\BaseConnection->query('INSERT INTO `reservas` (`ID_Cliente`, `ID_Paquete`, `fechaInicio`, `fechaFin`) VALUES (:ID_Cliente:, :ID_Paquete:, :fechaInicio:, :fechaFin:)', [...], false)
 5 SYSTEMPATH/Model.php(330): CodeIgniter\Database\BaseBuilder->insert()
 6 SYSTEMPATH/BaseModel.php(782): CodeIgniter\Model->doInsert([...])
 7 SYSTEMPATH/Model.php(730): CodeIgniter\BaseModel->insert([...], true)
 8 APPPATH/Controllers/Reservas.php(134): CodeIgniter\Model->insert([...])
 9 SYSTEMPATH/CodeIgniter.php(934): App\Controllers\Reservas->create()
10 SYSTEMPATH/CodeIgniter.php(499): CodeIgniter\CodeIgniter->runController(Object(App\Controllers\Reservas))
11 SYSTEMPATH/CodeIgniter.php(368): CodeIgniter\CodeIgniter->handleRequest(null, Object(Config\Cache), false)
12 FCPATH/index.php(67): CodeIgniter\CodeIgniter->run()
ERROR - 2023-11-22 04:28:03 --> mysqli_sql_exception: Cannot add or update a child row: a foreign key constraint fails (`app_agencia`.`reservas`, CONSTRAINT `reservas_ibfk_1` FOREIGN KEY (`ID_Cliente`) REFERENCES `clientes` (`ID_Cliente`)) in /home/app/public_html/agencia/system/Database/MySQLi/Connection.php:295
Stack trace:
#0 /home/app/public_html/agencia/system/Database/MySQLi/Connection.php(295): mysqli->query('INSERT INTO `re...', 0)
#1 /home/app/public_html/agencia/system/Database/BaseConnection.php(691): CodeIgniter\Database\MySQLi\Connection->execute('INSERT INTO `re...')
#2 /home/app/public_html/agencia/system/Database/BaseConnection.php(605): CodeIgniter\Database\BaseConnection->simpleQuery('INSERT INTO `re...')
#3 /home/app/public_html/agencia/system/Database/BaseBuilder.php(2309): CodeIgniter\Database\BaseConnection->query('INSERT INTO `re...', Array, false)
#4 /home/app/public_html/agencia/system/Model.php(330): CodeIgniter\Database\BaseBuilder->insert()
#5 /home/app/public_html/agencia/system/BaseModel.php(782): CodeIgniter\Model->doInsert(Array)
#6 /home/app/public_html/agencia/system/Model.php(730): CodeIgniter\BaseModel->insert(Array, true)
#7 /home/app/public_html/agencia/app/Controllers/Reservas.php(134): CodeIgniter\Model->insert(Array)
#8 /home/app/public_html/agencia/system/CodeIgniter.php(934): App\Controllers\Reservas->create()
#9 /home/app/public_html/agencia/system/CodeIgniter.php(499): CodeIgniter\CodeIgniter->runController(Object(App\Controllers\Reservas))
#10 /home/app/public_html/agencia/system/CodeIgniter.php(368): CodeIgniter\CodeIgniter->handleRequest(NULL, Object(Config\Cache), false)
#11 /home/app/public_html/agencia/index.php(67): CodeIgniter\CodeIgniter->run()
#12 {main}
CRITICAL - 2023-11-22 04:28:03 --> Cannot add or update a child row: a foreign key constraint fails (`app_agencia`.`reservas`, CONSTRAINT `reservas_ibfk_1` FOREIGN KEY (`ID_Cliente`) REFERENCES `clientes` (`ID_Cliente`))
in SYSTEMPATH/Database/MySQLi/Connection.php on line 295.
 1 SYSTEMPATH/Database/MySQLi/Connection.php(295): mysqli->query('INSERT INTO `reservas` (`ID_Cliente`, `ID_Paquete`, `fechaInicio`, `fechaFin`) VALUES (\'2\', \'20\', \'421412\', \'321312\')', 0)
 2 SYSTEMPATH/Database/BaseConnection.php(691): CodeIgniter\Database\MySQLi\Connection->execute('INSERT INTO `reservas` (`ID_Cliente`, `ID_Paquete`, `fechaInicio`, `fechaFin`) VALUES (\'2\', \'20\', \'421412\', \'321312\')')
 3 SYSTEMPATH/Database/BaseConnection.php(605): CodeIgniter\Database\BaseConnection->simpleQuery('INSERT INTO `reservas` (`ID_Cliente`, `ID_Paquete`, `fechaInicio`, `fechaFin`) VALUES (\'2\', \'20\', \'421412\', \'321312\')')
 4 SYSTEMPATH/Database/BaseBuilder.php(2309): CodeIgniter\Database\BaseConnection->query('INSERT INTO `reservas` (`ID_Cliente`, `ID_Paquete`, `fechaInicio`, `fechaFin`) VALUES (:ID_Cliente:, :ID_Paquete:, :fechaInicio:, :fechaFin:)', [...], false)
 5 SYSTEMPATH/Model.php(330): CodeIgniter\Database\BaseBuilder->insert()
 6 SYSTEMPATH/BaseModel.php(782): CodeIgniter\Model->doInsert([...])
 7 SYSTEMPATH/Model.php(730): CodeIgniter\BaseModel->insert([...], true)
 8 APPPATH/Controllers/Reservas.php(134): CodeIgniter\Model->insert([...])
 9 SYSTEMPATH/CodeIgniter.php(934): App\Controllers\Reservas->create()
10 SYSTEMPATH/CodeIgniter.php(499): CodeIgniter\CodeIgniter->runController(Object(App\Controllers\Reservas))
11 SYSTEMPATH/CodeIgniter.php(368): CodeIgniter\CodeIgniter->handleRequest(null, Object(Config\Cache), false)
12 FCPATH/index.php(67): CodeIgniter\CodeIgniter->run()
ERROR - 2023-11-22 04:29:57 --> mysqli_sql_exception: Cannot add or update a child row: a foreign key constraint fails (`app_agencia`.`reservas`, CONSTRAINT `reservas_ibfk_1` FOREIGN KEY (`ID_Cliente`) REFERENCES `clientes` (`ID_Cliente`)) in /home/app/public_html/agencia/system/Database/MySQLi/Connection.php:295
Stack trace:
#0 /home/app/public_html/agencia/system/Database/MySQLi/Connection.php(295): mysqli->query('INSERT INTO `re...', 0)
#1 /home/app/public_html/agencia/system/Database/BaseConnection.php(691): CodeIgniter\Database\MySQLi\Connection->execute('INSERT INTO `re...')
#2 /home/app/public_html/agencia/system/Database/BaseConnection.php(605): CodeIgniter\Database\BaseConnection->simpleQuery('INSERT INTO `re...')
#3 /home/app/public_html/agencia/system/Database/BaseBuilder.php(2309): CodeIgniter\Database\BaseConnection->query('INSERT INTO `re...', Array, false)
#4 /home/app/public_html/agencia/system/Model.php(330): CodeIgniter\Database\BaseBuilder->insert()
#5 /home/app/public_html/agencia/system/BaseModel.php(782): CodeIgniter\Model->doInsert(Array)
#6 /home/app/public_html/agencia/system/Model.php(730): CodeIgniter\BaseModel->insert(Array, true)
#7 /home/app/public_html/agencia/app/Controllers/Reservas.php(134): CodeIgniter\Model->insert(Array)
#8 /home/app/public_html/agencia/system/CodeIgniter.php(934): App\Controllers\Reservas->create()
#9 /home/app/public_html/agencia/system/CodeIgniter.php(499): CodeIgniter\CodeIgniter->runController(Object(App\Controllers\Reservas))
#10 /home/app/public_html/agencia/system/CodeIgniter.php(368): CodeIgniter\CodeIgniter->handleRequest(NULL, Object(Config\Cache), false)
#11 /home/app/public_html/agencia/index.php(67): CodeIgniter\CodeIgniter->run()
#12 {main}
CRITICAL - 2023-11-22 04:29:57 --> Cannot add or update a child row: a foreign key constraint fails (`app_agencia`.`reservas`, CONSTRAINT `reservas_ibfk_1` FOREIGN KEY (`ID_Cliente`) REFERENCES `clientes` (`ID_Cliente`))
in SYSTEMPATH/Database/MySQLi/Connection.php on line 295.
 1 SYSTEMPATH/Database/MySQLi/Connection.php(295): mysqli->query('INSERT INTO `reservas` (`ID_Cliente`, `ID_Paquete`, `fechaInicio`, `fechaFin`) VALUES (\'2\', \'20\', \'421412\', \'321312\')', 0)
 2 SYSTEMPATH/Database/BaseConnection.php(691): CodeIgniter\Database\MySQLi\Connection->execute('INSERT INTO `reservas` (`ID_Cliente`, `ID_Paquete`, `fechaInicio`, `fechaFin`) VALUES (\'2\', \'20\', \'421412\', \'321312\')')
 3 SYSTEMPATH/Database/BaseConnection.php(605): CodeIgniter\Database\BaseConnection->simpleQuery('INSERT INTO `reservas` (`ID_Cliente`, `ID_Paquete`, `fechaInicio`, `fechaFin`) VALUES (\'2\', \'20\', \'421412\', \'321312\')')
 4 SYSTEMPATH/Database/BaseBuilder.php(2309): CodeIgniter\Database\BaseConnection->query('INSERT INTO `reservas` (`ID_Cliente`, `ID_Paquete`, `fechaInicio`, `fechaFin`) VALUES (:ID_Cliente:, :ID_Paquete:, :fechaInicio:, :fechaFin:)', [...], false)
 5 SYSTEMPATH/Model.php(330): CodeIgniter\Database\BaseBuilder->insert()
 6 SYSTEMPATH/BaseModel.php(782): CodeIgniter\Model->doInsert([...])
 7 SYSTEMPATH/Model.php(730): CodeIgniter\BaseModel->insert([...], true)
 8 APPPATH/Controllers/Reservas.php(134): CodeIgniter\Model->insert([...])
 9 SYSTEMPATH/CodeIgniter.php(934): App\Controllers\Reservas->create()
10 SYSTEMPATH/CodeIgniter.php(499): CodeIgniter\CodeIgniter->runController(Object(App\Controllers\Reservas))
11 SYSTEMPATH/CodeIgniter.php(368): CodeIgniter\CodeIgniter->handleRequest(null, Object(Config\Cache), false)
12 FCPATH/index.php(67): CodeIgniter\CodeIgniter->run()
ERROR - 2023-11-22 04:35:10 --> mysqli_sql_exception: Cannot add or update a child row: a foreign key constraint fails (`app_agencia`.`reservas`, CONSTRAINT `reservas_ibfk_1` FOREIGN KEY (`ID_Cliente`) REFERENCES `clientes` (`ID_Cliente`)) in /home/app/public_html/agencia/system/Database/MySQLi/Connection.php:295
Stack trace:
#0 /home/app/public_html/agencia/system/Database/MySQLi/Connection.php(295): mysqli->query('INSERT INTO `re...', 0)
#1 /home/app/public_html/agencia/system/Database/BaseConnection.php(691): CodeIgniter\Database\MySQLi\Connection->execute('INSERT INTO `re...')
#2 /home/app/public_html/agencia/system/Database/BaseConnection.php(605): CodeIgniter\Database\BaseConnection->simpleQuery('INSERT INTO `re...')
#3 /home/app/public_html/agencia/system/Database/BaseBuilder.php(2309): CodeIgniter\Database\BaseConnection->query('INSERT INTO `re...', Array, false)
#4 /home/app/public_html/agencia/system/Model.php(330): CodeIgniter\Database\BaseBuilder->insert()
#5 /home/app/public_html/agencia/system/BaseModel.php(782): CodeIgniter\Model->doInsert(Array)
#6 /home/app/public_html/agencia/system/Model.php(730): CodeIgniter\BaseModel->insert(Array, true)
#7 /home/app/public_html/agencia/app/Controllers/Reservas.php(134): CodeIgniter\Model->insert(Array)
#8 /home/app/public_html/agencia/system/CodeIgniter.php(934): App\Controllers\Reservas->create()
#9 /home/app/public_html/agencia/system/CodeIgniter.php(499): CodeIgniter\CodeIgniter->runController(Object(App\Controllers\Reservas))
#10 /home/app/public_html/agencia/system/CodeIgniter.php(368): CodeIgniter\CodeIgniter->handleRequest(NULL, Object(Config\Cache), false)
#11 /home/app/public_html/agencia/index.php(67): CodeIgniter\CodeIgniter->run()
#12 {main}
CRITICAL - 2023-11-22 04:35:11 --> Cannot add or update a child row: a foreign key constraint fails (`app_agencia`.`reservas`, CONSTRAINT `reservas_ibfk_1` FOREIGN KEY (`ID_Cliente`) REFERENCES `clientes` (`ID_Cliente`))
in SYSTEMPATH/Database/MySQLi/Connection.php on line 295.
 1 SYSTEMPATH/Database/MySQLi/Connection.php(295): mysqli->query('INSERT INTO `reservas` (`ID_Cliente`, `ID_Paquete`, `fechaInicio`, `fechaFin`) VALUES (\'2\', \'20\', \'321312\', \'321412\')', 0)
 2 SYSTEMPATH/Database/BaseConnection.php(691): CodeIgniter\Database\MySQLi\Connection->execute('INSERT INTO `reservas` (`ID_Cliente`, `ID_Paquete`, `fechaInicio`, `fechaFin`) VALUES (\'2\', \'20\', \'321312\', \'321412\')')
 3 SYSTEMPATH/Database/BaseConnection.php(605): CodeIgniter\Database\BaseConnection->simpleQuery('INSERT INTO `reservas` (`ID_Cliente`, `ID_Paquete`, `fechaInicio`, `fechaFin`) VALUES (\'2\', \'20\', \'321312\', \'321412\')')
 4 SYSTEMPATH/Database/BaseBuilder.php(2309): CodeIgniter\Database\BaseConnection->query('INSERT INTO `reservas` (`ID_Cliente`, `ID_Paquete`, `fechaInicio`, `fechaFin`) VALUES (:ID_Cliente:, :ID_Paquete:, :fechaInicio:, :fechaFin:)', [...], false)
 5 SYSTEMPATH/Model.php(330): CodeIgniter\Database\BaseBuilder->insert()
 6 SYSTEMPATH/BaseModel.php(782): CodeIgniter\Model->doInsert([...])
 7 SYSTEMPATH/Model.php(730): CodeIgniter\BaseModel->insert([...], true)
 8 APPPATH/Controllers/Reservas.php(134): CodeIgniter\Model->insert([...])
 9 SYSTEMPATH/CodeIgniter.php(934): App\Controllers\Reservas->create()
10 SYSTEMPATH/CodeIgniter.php(499): CodeIgniter\CodeIgniter->runController(Object(App\Controllers\Reservas))
11 SYSTEMPATH/CodeIgniter.php(368): CodeIgniter\CodeIgniter->handleRequest(null, Object(Config\Cache), false)
12 FCPATH/index.php(67): CodeIgniter\CodeIgniter->run()
ERROR - 2023-11-22 04:35:12 --> mysqli_sql_exception: Cannot add or update a child row: a foreign key constraint fails (`app_agencia`.`reservas`, CONSTRAINT `reservas_ibfk_1` FOREIGN KEY (`ID_Cliente`) REFERENCES `clientes` (`ID_Cliente`)) in /home/app/public_html/agencia/system/Database/MySQLi/Connection.php:295
Stack trace:
#0 /home/app/public_html/agencia/system/Database/MySQLi/Connection.php(295): mysqli->query('INSERT INTO `re...', 0)
#1 /home/app/public_html/agencia/system/Database/BaseConnection.php(691): CodeIgniter\Database\MySQLi\Connection->execute('INSERT INTO `re...')
#2 /home/app/public_html/agencia/system/Database/BaseConnection.php(605): CodeIgniter\Database\BaseConnection->simpleQuery('INSERT INTO `re...')
#3 /home/app/public_html/agencia/system/Database/BaseBuilder.php(2309): CodeIgniter\Database\BaseConnection->query('INSERT INTO `re...', Array, false)
#4 /home/app/public_html/agencia/system/Model.php(330): CodeIgniter\Database\BaseBuilder->insert()
#5 /home/app/public_html/agencia/system/BaseModel.php(782): CodeIgniter\Model->doInsert(Array)
#6 /home/app/public_html/agencia/system/Model.php(730): CodeIgniter\BaseModel->insert(Array, true)
#7 /home/app/public_html/agencia/app/Controllers/Reservas.php(134): CodeIgniter\Model->insert(Array)
#8 /home/app/public_html/agencia/system/CodeIgniter.php(934): App\Controllers\Reservas->create()
#9 /home/app/public_html/agencia/system/CodeIgniter.php(499): CodeIgniter\CodeIgniter->runController(Object(App\Controllers\Reservas))
#10 /home/app/public_html/agencia/system/CodeIgniter.php(368): CodeIgniter\CodeIgniter->handleRequest(NULL, Object(Config\Cache), false)
#11 /home/app/public_html/agencia/index.php(67): CodeIgniter\CodeIgniter->run()
#12 {main}
CRITICAL - 2023-11-22 04:35:12 --> Cannot add or update a child row: a foreign key constraint fails (`app_agencia`.`reservas`, CONSTRAINT `reservas_ibfk_1` FOREIGN KEY (`ID_Cliente`) REFERENCES `clientes` (`ID_Cliente`))
in SYSTEMPATH/Database/MySQLi/Connection.php on line 295.
 1 SYSTEMPATH/Database/MySQLi/Connection.php(295): mysqli->query('INSERT INTO `reservas` (`ID_Cliente`, `ID_Paquete`, `fechaInicio`, `fechaFin`) VALUES (\'2\', \'20\', \'321312\', \'321412\')', 0)
 2 SYSTEMPATH/Database/BaseConnection.php(691): CodeIgniter\Database\MySQLi\Connection->execute('INSERT INTO `reservas` (`ID_Cliente`, `ID_Paquete`, `fechaInicio`, `fechaFin`) VALUES (\'2\', \'20\', \'321312\', \'321412\')')
 3 SYSTEMPATH/Database/BaseConnection.php(605): CodeIgniter\Database\BaseConnection->simpleQuery('INSERT INTO `reservas` (`ID_Cliente`, `ID_Paquete`, `fechaInicio`, `fechaFin`) VALUES (\'2\', \'20\', \'321312\', \'321412\')')
 4 SYSTEMPATH/Database/BaseBuilder.php(2309): CodeIgniter\Database\BaseConnection->query('INSERT INTO `reservas` (`ID_Cliente`, `ID_Paquete`, `fechaInicio`, `fechaFin`) VALUES (:ID_Cliente:, :ID_Paquete:, :fechaInicio:, :fechaFin:)', [...], false)
 5 SYSTEMPATH/Model.php(330): CodeIgniter\Database\BaseBuilder->insert()
 6 SYSTEMPATH/BaseModel.php(782): CodeIgniter\Model->doInsert([...])
 7 SYSTEMPATH/Model.php(730): CodeIgniter\BaseModel->insert([...], true)
 8 APPPATH/Controllers/Reservas.php(134): CodeIgniter\Model->insert([...])
 9 SYSTEMPATH/CodeIgniter.php(934): App\Controllers\Reservas->create()
10 SYSTEMPATH/CodeIgniter.php(499): CodeIgniter\CodeIgniter->runController(Object(App\Controllers\Reservas))
11 SYSTEMPATH/CodeIgniter.php(368): CodeIgniter\CodeIgniter->handleRequest(null, Object(Config\Cache), false)
12 FCPATH/index.php(67): CodeIgniter\CodeIgniter->run()
ERROR - 2023-11-22 04:36:32 --> mysqli_sql_exception: Cannot add or update a child row: a foreign key constraint fails (`app_agencia`.`reservas`, CONSTRAINT `reservas_ibfk_1` FOREIGN KEY (`ID_Cliente`) REFERENCES `clientes` (`ID_Cliente`)) in /home/app/public_html/agencia/system/Database/MySQLi/Connection.php:295
Stack trace:
#0 /home/app/public_html/agencia/system/Database/MySQLi/Connection.php(295): mysqli->query('INSERT INTO `re...', 0)
#1 /home/app/public_html/agencia/system/Database/BaseConnection.php(691): CodeIgniter\Database\MySQLi\Connection->execute('INSERT INTO `re...')
#2 /home/app/public_html/agencia/system/Database/BaseConnection.php(605): CodeIgniter\Database\BaseConnection->simpleQuery('INSERT INTO `re...')
#3 /home/app/public_html/agencia/system/Database/BaseBuilder.php(2309): CodeIgniter\Database\BaseConnection->query('INSERT INTO `re...', Array, false)
#4 /home/app/public_html/agencia/system/Model.php(330): CodeIgniter\Database\BaseBuilder->insert()
#5 /home/app/public_html/agencia/system/BaseModel.php(782): CodeIgniter\Model->doInsert(Array)
#6 /home/app/public_html/agencia/system/Model.php(730): CodeIgniter\BaseModel->insert(Array, true)
#7 /home/app/public_html/agencia/app/Controllers/Reservas.php(134): CodeIgniter\Model->insert(Array)
#8 /home/app/public_html/agencia/system/CodeIgniter.php(934): App\Controllers\Reservas->create()
#9 /home/app/public_html/agencia/system/CodeIgniter.php(499): CodeIgniter\CodeIgniter->runController(Object(App\Controllers\Reservas))
#10 /home/app/public_html/agencia/system/CodeIgniter.php(368): CodeIgniter\CodeIgniter->handleRequest(NULL, Object(Config\Cache), false)
#11 /home/app/public_html/agencia/index.php(67): CodeIgniter\CodeIgniter->run()
#12 {main}
CRITICAL - 2023-11-22 04:36:32 --> Cannot add or update a child row: a foreign key constraint fails (`app_agencia`.`reservas`, CONSTRAINT `reservas_ibfk_1` FOREIGN KEY (`ID_Cliente`) REFERENCES `clientes` (`ID_Cliente`))
in SYSTEMPATH/Database/MySQLi/Connection.php on line 295.
 1 SYSTEMPATH/Database/MySQLi/Connection.php(295): mysqli->query('INSERT INTO `reservas` (`ID_Cliente`, `ID_Paquete`, `fechaInicio`, `fechaFin`) VALUES (\'2\', \'20\', \'3231\', \'3213\')', 0)
 2 SYSTEMPATH/Database/BaseConnection.php(691): CodeIgniter\Database\MySQLi\Connection->execute('INSERT INTO `reservas` (`ID_Cliente`, `ID_Paquete`, `fechaInicio`, `fechaFin`) VALUES (\'2\', \'20\', \'3231\', \'3213\')')
 3 SYSTEMPATH/Database/BaseConnection.php(605): CodeIgniter\Database\BaseConnection->simpleQuery('INSERT INTO `reservas` (`ID_Cliente`, `ID_Paquete`, `fechaInicio`, `fechaFin`) VALUES (\'2\', \'20\', \'3231\', \'3213\')')
 4 SYSTEMPATH/Database/BaseBuilder.php(2309): CodeIgniter\Database\BaseConnection->query('INSERT INTO `reservas` (`ID_Cliente`, `ID_Paquete`, `fechaInicio`, `fechaFin`) VALUES (:ID_Cliente:, :ID_Paquete:, :fechaInicio:, :fechaFin:)', [...], false)
 5 SYSTEMPATH/Model.php(330): CodeIgniter\Database\BaseBuilder->insert()
 6 SYSTEMPATH/BaseModel.php(782): CodeIgniter\Model->doInsert([...])
 7 SYSTEMPATH/Model.php(730): CodeIgniter\BaseModel->insert([...], true)
 8 APPPATH/Controllers/Reservas.php(134): CodeIgniter\Model->insert([...])
 9 SYSTEMPATH/CodeIgniter.php(934): App\Controllers\Reservas->create()
10 SYSTEMPATH/CodeIgniter.php(499): CodeIgniter\CodeIgniter->runController(Object(App\Controllers\Reservas))
11 SYSTEMPATH/CodeIgniter.php(368): CodeIgniter\CodeIgniter->handleRequest(null, Object(Config\Cache), false)
12 FCPATH/index.php(67): CodeIgniter\CodeIgniter->run()
ERROR - 2023-11-22 04:36:36 --> mysqli_sql_exception: Cannot add or update a child row: a foreign key constraint fails (`app_agencia`.`reservas`, CONSTRAINT `reservas_ibfk_1` FOREIGN KEY (`ID_Cliente`) REFERENCES `clientes` (`ID_Cliente`)) in /home/app/public_html/agencia/system/Database/MySQLi/Connection.php:295
Stack trace:
#0 /home/app/public_html/agencia/system/Database/MySQLi/Connection.php(295): mysqli->query('INSERT INTO `re...', 0)
#1 /home/app/public_html/agencia/system/Database/BaseConnection.php(691): CodeIgniter\Database\MySQLi\Connection->execute('INSERT INTO `re...')
#2 /home/app/public_html/agencia/system/Database/BaseConnection.php(605): CodeIgniter\Database\BaseConnection->simpleQuery('INSERT INTO `re...')
#3 /home/app/public_html/agencia/system/Database/BaseBuilder.php(2309): CodeIgniter\Database\BaseConnection->query('INSERT INTO `re...', Array, false)
#4 /home/app/public_html/agencia/system/Model.php(330): CodeIgniter\Database\BaseBuilder->insert()
#5 /home/app/public_html/agencia/system/BaseModel.php(782): CodeIgniter\Model->doInsert(Array)
#6 /home/app/public_html/agencia/system/Model.php(730): CodeIgniter\BaseModel->insert(Array, true)
#7 /home/app/public_html/agencia/app/Controllers/Reservas.php(134): CodeIgniter\Model->insert(Array)
#8 /home/app/public_html/agencia/system/CodeIgniter.php(934): App\Controllers\Reservas->create()
#9 /home/app/public_html/agencia/system/CodeIgniter.php(499): CodeIgniter\CodeIgniter->runController(Object(App\Controllers\Reservas))
#10 /home/app/public_html/agencia/system/CodeIgniter.php(368): CodeIgniter\CodeIgniter->handleRequest(NULL, Object(Config\Cache), false)
#11 /home/app/public_html/agencia/index.php(67): CodeIgniter\CodeIgniter->run()
#12 {main}
CRITICAL - 2023-11-22 04:36:36 --> Cannot add or update a child row: a foreign key constraint fails (`app_agencia`.`reservas`, CONSTRAINT `reservas_ibfk_1` FOREIGN KEY (`ID_Cliente`) REFERENCES `clientes` (`ID_Cliente`))
in SYSTEMPATH/Database/MySQLi/Connection.php on line 295.
 1 SYSTEMPATH/Database/MySQLi/Connection.php(295): mysqli->query('INSERT INTO `reservas` (`ID_Cliente`, `ID_Paquete`, `fechaInicio`, `fechaFin`) VALUES (\'2\', \'20\', \'3231\', \'3213\')', 0)
 2 SYSTEMPATH/Database/BaseConnection.php(691): CodeIgniter\Database\MySQLi\Connection->execute('INSERT INTO `reservas` (`ID_Cliente`, `ID_Paquete`, `fechaInicio`, `fechaFin`) VALUES (\'2\', \'20\', \'3231\', \'3213\')')
 3 SYSTEMPATH/Database/BaseConnection.php(605): CodeIgniter\Database\BaseConnection->simpleQuery('INSERT INTO `reservas` (`ID_Cliente`, `ID_Paquete`, `fechaInicio`, `fechaFin`) VALUES (\'2\', \'20\', \'3231\', \'3213\')')
 4 SYSTEMPATH/Database/BaseBuilder.php(2309): CodeIgniter\Database\BaseConnection->query('INSERT INTO `reservas` (`ID_Cliente`, `ID_Paquete`, `fechaInicio`, `fechaFin`) VALUES (:ID_Cliente:, :ID_Paquete:, :fechaInicio:, :fechaFin:)', [...], false)
 5 SYSTEMPATH/Model.php(330): CodeIgniter\Database\BaseBuilder->insert()
 6 SYSTEMPATH/BaseModel.php(782): CodeIgniter\Model->doInsert([...])
 7 SYSTEMPATH/Model.php(730): CodeIgniter\BaseModel->insert([...], true)
 8 APPPATH/Controllers/Reservas.php(134): CodeIgniter\Model->insert([...])
 9 SYSTEMPATH/CodeIgniter.php(934): App\Controllers\Reservas->create()
10 SYSTEMPATH/CodeIgniter.php(499): CodeIgniter\CodeIgniter->runController(Object(App\Controllers\Reservas))
11 SYSTEMPATH/CodeIgniter.php(368): CodeIgniter\CodeIgniter->handleRequest(null, Object(Config\Cache), false)
12 FCPATH/index.php(67): CodeIgniter\CodeIgniter->run()
ERROR - 2023-11-22 04:36:46 --> mysqli_sql_exception: Cannot add or update a child row: a foreign key constraint fails (`app_agencia`.`reservas`, CONSTRAINT `reservas_ibfk_1` FOREIGN KEY (`ID_Cliente`) REFERENCES `clientes` (`ID_Cliente`)) in /home/app/public_html/agencia/system/Database/MySQLi/Connection.php:295
Stack trace:
#0 /home/app/public_html/agencia/system/Database/MySQLi/Connection.php(295): mysqli->query('INSERT INTO `re...', 0)
#1 /home/app/public_html/agencia/system/Database/BaseConnection.php(691): CodeIgniter\Database\MySQLi\Connection->execute('INSERT INTO `re...')
#2 /home/app/public_html/agencia/system/Database/BaseConnection.php(605): CodeIgniter\Database\BaseConnection->simpleQuery('INSERT INTO `re...')
#3 /home/app/public_html/agencia/system/Database/BaseBuilder.php(2309): CodeIgniter\Database\BaseConnection->query('INSERT INTO `re...', Array, false)
#4 /home/app/public_html/agencia/system/Model.php(330): CodeIgniter\Database\BaseBuilder->insert()
#5 /home/app/public_html/agencia/system/BaseModel.php(782): CodeIgniter\Model->doInsert(Array)
#6 /home/app/public_html/agencia/system/Model.php(730): CodeIgniter\BaseModel->insert(Array, true)
#7 /home/app/public_html/agencia/app/Controllers/Reservas.php(134): CodeIgniter\Model->insert(Array)
#8 /home/app/public_html/agencia/system/CodeIgniter.php(934): App\Controllers\Reservas->create()
#9 /home/app/public_html/agencia/system/CodeIgniter.php(499): CodeIgniter\CodeIgniter->runController(Object(App\Controllers\Reservas))
#10 /home/app/public_html/agencia/system/CodeIgniter.php(368): CodeIgniter\CodeIgniter->handleRequest(NULL, Object(Config\Cache), false)
#11 /home/app/public_html/agencia/index.php(67): CodeIgniter\CodeIgniter->run()
#12 {main}
CRITICAL - 2023-11-22 04:36:46 --> Cannot add or update a child row: a foreign key constraint fails (`app_agencia`.`reservas`, CONSTRAINT `reservas_ibfk_1` FOREIGN KEY (`ID_Cliente`) REFERENCES `clientes` (`ID_Cliente`))
in SYSTEMPATH/Database/MySQLi/Connection.php on line 295.
 1 SYSTEMPATH/Database/MySQLi/Connection.php(295): mysqli->query('INSERT INTO `reservas` (`ID_Cliente`, `ID_Paquete`, `fechaInicio`, `fechaFin`) VALUES (\'2\', \'20\', \'3231\', \'3213\')', 0)
 2 SYSTEMPATH/Database/BaseConnection.php(691): CodeIgniter\Database\MySQLi\Connection->execute('INSERT INTO `reservas` (`ID_Cliente`, `ID_Paquete`, `fechaInicio`, `fechaFin`) VALUES (\'2\', \'20\', \'3231\', \'3213\')')
 3 SYSTEMPATH/Database/BaseConnection.php(605): CodeIgniter\Database\BaseConnection->simpleQuery('INSERT INTO `reservas` (`ID_Cliente`, `ID_Paquete`, `fechaInicio`, `fechaFin`) VALUES (\'2\', \'20\', \'3231\', \'3213\')')
 4 SYSTEMPATH/Database/BaseBuilder.php(2309): CodeIgniter\Database\BaseConnection->query('INSERT INTO `reservas` (`ID_Cliente`, `ID_Paquete`, `fechaInicio`, `fechaFin`) VALUES (:ID_Cliente:, :ID_Paquete:, :fechaInicio:, :fechaFin:)', [...], false)
 5 SYSTEMPATH/Model.php(330): CodeIgniter\Database\BaseBuilder->insert()
 6 SYSTEMPATH/BaseModel.php(782): CodeIgniter\Model->doInsert([...])
 7 SYSTEMPATH/Model.php(730): CodeIgniter\BaseModel->insert([...], true)
 8 APPPATH/Controllers/Reservas.php(134): CodeIgniter\Model->insert([...])
 9 SYSTEMPATH/CodeIgniter.php(934): App\Controllers\Reservas->create()
10 SYSTEMPATH/CodeIgniter.php(499): CodeIgniter\CodeIgniter->runController(Object(App\Controllers\Reservas))
11 SYSTEMPATH/CodeIgniter.php(368): CodeIgniter\CodeIgniter->handleRequest(null, Object(Config\Cache), false)
12 FCPATH/index.php(67): CodeIgniter\CodeIgniter->run()
ERROR - 2023-11-22 04:36:47 --> mysqli_sql_exception: Cannot add or update a child row: a foreign key constraint fails (`app_agencia`.`reservas`, CONSTRAINT `reservas_ibfk_1` FOREIGN KEY (`ID_Cliente`) REFERENCES `clientes` (`ID_Cliente`)) in /home/app/public_html/agencia/system/Database/MySQLi/Connection.php:295
Stack trace:
#0 /home/app/public_html/agencia/system/Database/MySQLi/Connection.php(295): mysqli->query('INSERT INTO `re...', 0)
#1 /home/app/public_html/agencia/system/Database/BaseConnection.php(691): CodeIgniter\Database\MySQLi\Connection->execute('INSERT INTO `re...')
#2 /home/app/public_html/agencia/system/Database/BaseConnection.php(605): CodeIgniter\Database\BaseConnection->simpleQuery('INSERT INTO `re...')
#3 /home/app/public_html/agencia/system/Database/BaseBuilder.php(2309): CodeIgniter\Database\BaseConnection->query('INSERT INTO `re...', Array, false)
#4 /home/app/public_html/agencia/system/Model.php(330): CodeIgniter\Database\BaseBuilder->insert()
#5 /home/app/public_html/agencia/system/BaseModel.php(782): CodeIgniter\Model->doInsert(Array)
#6 /home/app/public_html/agencia/system/Model.php(730): CodeIgniter\BaseModel->insert(Array, true)
#7 /home/app/public_html/agencia/app/Controllers/Reservas.php(134): CodeIgniter\Model->insert(Array)
#8 /home/app/public_html/agencia/system/CodeIgniter.php(934): App\Controllers\Reservas->create()
#9 /home/app/public_html/agencia/system/CodeIgniter.php(499): CodeIgniter\CodeIgniter->runController(Object(App\Controllers\Reservas))
#10 /home/app/public_html/agencia/system/CodeIgniter.php(368): CodeIgniter\CodeIgniter->handleRequest(NULL, Object(Config\Cache), false)
#11 /home/app/public_html/agencia/index.php(67): CodeIgniter\CodeIgniter->run()
#12 {main}
CRITICAL - 2023-11-22 04:36:47 --> Cannot add or update a child row: a foreign key constraint fails (`app_agencia`.`reservas`, CONSTRAINT `reservas_ibfk_1` FOREIGN KEY (`ID_Cliente`) REFERENCES `clientes` (`ID_Cliente`))
in SYSTEMPATH/Database/MySQLi/Connection.php on line 295.
 1 SYSTEMPATH/Database/MySQLi/Connection.php(295): mysqli->query('INSERT INTO `reservas` (`ID_Cliente`, `ID_Paquete`, `fechaInicio`, `fechaFin`) VALUES (\'2\', \'20\', \'3231\', \'3213\')', 0)
 2 SYSTEMPATH/Database/BaseConnection.php(691): CodeIgniter\Database\MySQLi\Connection->execute('INSERT INTO `reservas` (`ID_Cliente`, `ID_Paquete`, `fechaInicio`, `fechaFin`) VALUES (\'2\', \'20\', \'3231\', \'3213\')')
 3 SYSTEMPATH/Database/BaseConnection.php(605): CodeIgniter\Database\BaseConnection->simpleQuery('INSERT INTO `reservas` (`ID_Cliente`, `ID_Paquete`, `fechaInicio`, `fechaFin`) VALUES (\'2\', \'20\', \'3231\', \'3213\')')
 4 SYSTEMPATH/Database/BaseBuilder.php(2309): CodeIgniter\Database\BaseConnection->query('INSERT INTO `reservas` (`ID_Cliente`, `ID_Paquete`, `fechaInicio`, `fechaFin`) VALUES (:ID_Cliente:, :ID_Paquete:, :fechaInicio:, :fechaFin:)', [...], false)
 5 SYSTEMPATH/Model.php(330): CodeIgniter\Database\BaseBuilder->insert()
 6 SYSTEMPATH/BaseModel.php(782): CodeIgniter\Model->doInsert([...])
 7 SYSTEMPATH/Model.php(730): CodeIgniter\BaseModel->insert([...], true)
 8 APPPATH/Controllers/Reservas.php(134): CodeIgniter\Model->insert([...])
 9 SYSTEMPATH/CodeIgniter.php(934): App\Controllers\Reservas->create()
10 SYSTEMPATH/CodeIgniter.php(499): CodeIgniter\CodeIgniter->runController(Object(App\Controllers\Reservas))
11 SYSTEMPATH/CodeIgniter.php(368): CodeIgniter\CodeIgniter->handleRequest(null, Object(Config\Cache), false)
12 FCPATH/index.php(67): CodeIgniter\CodeIgniter->run()
ERROR - 2023-11-22 04:36:47 --> mysqli_sql_exception: Cannot add or update a child row: a foreign key constraint fails (`app_agencia`.`reservas`, CONSTRAINT `reservas_ibfk_1` FOREIGN KEY (`ID_Cliente`) REFERENCES `clientes` (`ID_Cliente`)) in /home/app/public_html/agencia/system/Database/MySQLi/Connection.php:295
Stack trace:
#0 /home/app/public_html/agencia/system/Database/MySQLi/Connection.php(295): mysqli->query('INSERT INTO `re...', 0)
#1 /home/app/public_html/agencia/system/Database/BaseConnection.php(691): CodeIgniter\Database\MySQLi\Connection->execute('INSERT INTO `re...')
#2 /home/app/public_html/agencia/system/Database/BaseConnection.php(605): CodeIgniter\Database\BaseConnection->simpleQuery('INSERT INTO `re...')
#3 /home/app/public_html/agencia/system/Database/BaseBuilder.php(2309): CodeIgniter\Database\BaseConnection->query('INSERT INTO `re...', Array, false)
#4 /home/app/public_html/agencia/system/Model.php(330): CodeIgniter\Database\BaseBuilder->insert()
#5 /home/app/public_html/agencia/system/BaseModel.php(782): CodeIgniter\Model->doInsert(Array)
#6 /home/app/public_html/agencia/system/Model.php(730): CodeIgniter\BaseModel->insert(Array, true)
#7 /home/app/public_html/agencia/app/Controllers/Reservas.php(134): CodeIgniter\Model->insert(Array)
#8 /home/app/public_html/agencia/system/CodeIgniter.php(934): App\Controllers\Reservas->create()
#9 /home/app/public_html/agencia/system/CodeIgniter.php(499): CodeIgniter\CodeIgniter->runController(Object(App\Controllers\Reservas))
#10 /home/app/public_html/agencia/system/CodeIgniter.php(368): CodeIgniter\CodeIgniter->handleRequest(NULL, Object(Config\Cache), false)
#11 /home/app/public_html/agencia/index.php(67): CodeIgniter\CodeIgniter->run()
#12 {main}
CRITICAL - 2023-11-22 04:36:47 --> Cannot add or update a child row: a foreign key constraint fails (`app_agencia`.`reservas`, CONSTRAINT `reservas_ibfk_1` FOREIGN KEY (`ID_Cliente`) REFERENCES `clientes` (`ID_Cliente`))
in SYSTEMPATH/Database/MySQLi/Connection.php on line 295.
 1 SYSTEMPATH/Database/MySQLi/Connection.php(295): mysqli->query('INSERT INTO `reservas` (`ID_Cliente`, `ID_Paquete`, `fechaInicio`, `fechaFin`) VALUES (\'2\', \'20\', \'3231\', \'3213\')', 0)
 2 SYSTEMPATH/Database/BaseConnection.php(691): CodeIgniter\Database\MySQLi\Connection->execute('INSERT INTO `reservas` (`ID_Cliente`, `ID_Paquete`, `fechaInicio`, `fechaFin`) VALUES (\'2\', \'20\', \'3231\', \'3213\')')
 3 SYSTEMPATH/Database/BaseConnection.php(605): CodeIgniter\Database\BaseConnection->simpleQuery('INSERT INTO `reservas` (`ID_Cliente`, `ID_Paquete`, `fechaInicio`, `fechaFin`) VALUES (\'2\', \'20\', \'3231\', \'3213\')')
 4 SYSTEMPATH/Database/BaseBuilder.php(2309): CodeIgniter\Database\BaseConnection->query('INSERT INTO `reservas` (`ID_Cliente`, `ID_Paquete`, `fechaInicio`, `fechaFin`) VALUES (:ID_Cliente:, :ID_Paquete:, :fechaInicio:, :fechaFin:)', [...], false)
 5 SYSTEMPATH/Model.php(330): CodeIgniter\Database\BaseBuilder->insert()
 6 SYSTEMPATH/BaseModel.php(782): CodeIgniter\Model->doInsert([...])
 7 SYSTEMPATH/Model.php(730): CodeIgniter\BaseModel->insert([...], true)
 8 APPPATH/Controllers/Reservas.php(134): CodeIgniter\Model->insert([...])
 9 SYSTEMPATH/CodeIgniter.php(934): App\Controllers\Reservas->create()
10 SYSTEMPATH/CodeIgniter.php(499): CodeIgniter\CodeIgniter->runController(Object(App\Controllers\Reservas))
11 SYSTEMPATH/CodeIgniter.php(368): CodeIgniter\CodeIgniter->handleRequest(null, Object(Config\Cache), false)
12 FCPATH/index.php(67): CodeIgniter\CodeIgniter->run()
ERROR - 2023-11-22 04:36:48 --> mysqli_sql_exception: Cannot add or update a child row: a foreign key constraint fails (`app_agencia`.`reservas`, CONSTRAINT `reservas_ibfk_1` FOREIGN KEY (`ID_Cliente`) REFERENCES `clientes` (`ID_Cliente`)) in /home/app/public_html/agencia/system/Database/MySQLi/Connection.php:295
Stack trace:
#0 /home/app/public_html/agencia/system/Database/MySQLi/Connection.php(295): mysqli->query('INSERT INTO `re...', 0)
#1 /home/app/public_html/agencia/system/Database/BaseConnection.php(691): CodeIgniter\Database\MySQLi\Connection->execute('INSERT INTO `re...')
#2 /home/app/public_html/agencia/system/Database/BaseConnection.php(605): CodeIgniter\Database\BaseConnection->simpleQuery('INSERT INTO `re...')
#3 /home/app/public_html/agencia/system/Database/BaseBuilder.php(2309): CodeIgniter\Database\BaseConnection->query('INSERT INTO `re...', Array, false)
#4 /home/app/public_html/agencia/system/Model.php(330): CodeIgniter\Database\BaseBuilder->insert()
#5 /home/app/public_html/agencia/system/BaseModel.php(782): CodeIgniter\Model->doInsert(Array)
#6 /home/app/public_html/agencia/system/Model.php(730): CodeIgniter\BaseModel->insert(Array, true)
#7 /home/app/public_html/agencia/app/Controllers/Reservas.php(134): CodeIgniter\Model->insert(Array)
#8 /home/app/public_html/agencia/system/CodeIgniter.php(934): App\Controllers\Reservas->create()
#9 /home/app/public_html/agencia/system/CodeIgniter.php(499): CodeIgniter\CodeIgniter->runController(Object(App\Controllers\Reservas))
#10 /home/app/public_html/agencia/system/CodeIgniter.php(368): CodeIgniter\CodeIgniter->handleRequest(NULL, Object(Config\Cache), false)
#11 /home/app/public_html/agencia/index.php(67): CodeIgniter\CodeIgniter->run()
#12 {main}
CRITICAL - 2023-11-22 04:36:48 --> Cannot add or update a child row: a foreign key constraint fails (`app_agencia`.`reservas`, CONSTRAINT `reservas_ibfk_1` FOREIGN KEY (`ID_Cliente`) REFERENCES `clientes` (`ID_Cliente`))
in SYSTEMPATH/Database/MySQLi/Connection.php on line 295.
 1 SYSTEMPATH/Database/MySQLi/Connection.php(295): mysqli->query('INSERT INTO `reservas` (`ID_Cliente`, `ID_Paquete`, `fechaInicio`, `fechaFin`) VALUES (\'2\', \'20\', \'3231\', \'3213\')', 0)
 2 SYSTEMPATH/Database/BaseConnection.php(691): CodeIgniter\Database\MySQLi\Connection->execute('INSERT INTO `reservas` (`ID_Cliente`, `ID_Paquete`, `fechaInicio`, `fechaFin`) VALUES (\'2\', \'20\', \'3231\', \'3213\')')
 3 SYSTEMPATH/Database/BaseConnection.php(605): CodeIgniter\Database\BaseConnection->simpleQuery('INSERT INTO `reservas` (`ID_Cliente`, `ID_Paquete`, `fechaInicio`, `fechaFin`) VALUES (\'2\', \'20\', \'3231\', \'3213\')')
 4 SYSTEMPATH/Database/BaseBuilder.php(2309): CodeIgniter\Database\BaseConnection->query('INSERT INTO `reservas` (`ID_Cliente`, `ID_Paquete`, `fechaInicio`, `fechaFin`) VALUES (:ID_Cliente:, :ID_Paquete:, :fechaInicio:, :fechaFin:)', [...], false)
 5 SYSTEMPATH/Model.php(330): CodeIgniter\Database\BaseBuilder->insert()
 6 SYSTEMPATH/BaseModel.php(782): CodeIgniter\Model->doInsert([...])
 7 SYSTEMPATH/Model.php(730): CodeIgniter\BaseModel->insert([...], true)
 8 APPPATH/Controllers/Reservas.php(134): CodeIgniter\Model->insert([...])
 9 SYSTEMPATH/CodeIgniter.php(934): App\Controllers\Reservas->create()
10 SYSTEMPATH/CodeIgniter.php(499): CodeIgniter\CodeIgniter->runController(Object(App\Controllers\Reservas))
11 SYSTEMPATH/CodeIgniter.php(368): CodeIgniter\CodeIgniter->handleRequest(null, Object(Config\Cache), false)
12 FCPATH/index.php(67): CodeIgniter\CodeIgniter->run()
ERROR - 2023-11-22 04:36:48 --> mysqli_sql_exception: Cannot add or update a child row: a foreign key constraint fails (`app_agencia`.`reservas`, CONSTRAINT `reservas_ibfk_1` FOREIGN KEY (`ID_Cliente`) REFERENCES `clientes` (`ID_Cliente`)) in /home/app/public_html/agencia/system/Database/MySQLi/Connection.php:295
Stack trace:
#0 /home/app/public_html/agencia/system/Database/MySQLi/Connection.php(295): mysqli->query('INSERT INTO `re...', 0)
#1 /home/app/public_html/agencia/system/Database/BaseConnection.php(691): CodeIgniter\Database\MySQLi\Connection->execute('INSERT INTO `re...')
#2 /home/app/public_html/agencia/system/Database/BaseConnection.php(605): CodeIgniter\Database\BaseConnection->simpleQuery('INSERT INTO `re...')
#3 /home/app/public_html/agencia/system/Database/BaseBuilder.php(2309): CodeIgniter\Database\BaseConnection->query('INSERT INTO `re...', Array, false)
#4 /home/app/public_html/agencia/system/Model.php(330): CodeIgniter\Database\BaseBuilder->insert()
#5 /home/app/public_html/agencia/system/BaseModel.php(782): CodeIgniter\Model->doInsert(Array)
#6 /home/app/public_html/agencia/system/Model.php(730): CodeIgniter\BaseModel->insert(Array, true)
#7 /home/app/public_html/agencia/app/Controllers/Reservas.php(134): CodeIgniter\Model->insert(Array)
#8 /home/app/public_html/agencia/system/CodeIgniter.php(934): App\Controllers\Reservas->create()
#9 /home/app/public_html/agencia/system/CodeIgniter.php(499): CodeIgniter\CodeIgniter->runController(Object(App\Controllers\Reservas))
#10 /home/app/public_html/agencia/system/CodeIgniter.php(368): CodeIgniter\CodeIgniter->handleRequest(NULL, Object(Config\Cache), false)
#11 /home/app/public_html/agencia/index.php(67): CodeIgniter\CodeIgniter->run()
#12 {main}
CRITICAL - 2023-11-22 04:36:48 --> Cannot add or update a child row: a foreign key constraint fails (`app_agencia`.`reservas`, CONSTRAINT `reservas_ibfk_1` FOREIGN KEY (`ID_Cliente`) REFERENCES `clientes` (`ID_Cliente`))
in SYSTEMPATH/Database/MySQLi/Connection.php on line 295.
 1 SYSTEMPATH/Database/MySQLi/Connection.php(295): mysqli->query('INSERT INTO `reservas` (`ID_Cliente`, `ID_Paquete`, `fechaInicio`, `fechaFin`) VALUES (\'2\', \'20\', \'3231\', \'3213\')', 0)
 2 SYSTEMPATH/Database/BaseConnection.php(691): CodeIgniter\Database\MySQLi\Connection->execute('INSERT INTO `reservas` (`ID_Cliente`, `ID_Paquete`, `fechaInicio`, `fechaFin`) VALUES (\'2\', \'20\', \'3231\', \'3213\')')
 3 SYSTEMPATH/Database/BaseConnection.php(605): CodeIgniter\Database\BaseConnection->simpleQuery('INSERT INTO `reservas` (`ID_Cliente`, `ID_Paquete`, `fechaInicio`, `fechaFin`) VALUES (\'2\', \'20\', \'3231\', \'3213\')')
 4 SYSTEMPATH/Database/BaseBuilder.php(2309): CodeIgniter\Database\BaseConnection->query('INSERT INTO `reservas` (`ID_Cliente`, `ID_Paquete`, `fechaInicio`, `fechaFin`) VALUES (:ID_Cliente:, :ID_Paquete:, :fechaInicio:, :fechaFin:)', [...], false)
 5 SYSTEMPATH/Model.php(330): CodeIgniter\Database\BaseBuilder->insert()
 6 SYSTEMPATH/BaseModel.php(782): CodeIgniter\Model->doInsert([...])
 7 SYSTEMPATH/Model.php(730): CodeIgniter\BaseModel->insert([...], true)
 8 APPPATH/Controllers/Reservas.php(134): CodeIgniter\Model->insert([...])
 9 SYSTEMPATH/CodeIgniter.php(934): App\Controllers\Reservas->create()
10 SYSTEMPATH/CodeIgniter.php(499): CodeIgniter\CodeIgniter->runController(Object(App\Controllers\Reservas))
11 SYSTEMPATH/CodeIgniter.php(368): CodeIgniter\CodeIgniter->handleRequest(null, Object(Config\Cache), false)
12 FCPATH/index.php(67): CodeIgniter\CodeIgniter->run()
ERROR - 2023-11-22 04:36:48 --> mysqli_sql_exception: Cannot add or update a child row: a foreign key constraint fails (`app_agencia`.`reservas`, CONSTRAINT `reservas_ibfk_1` FOREIGN KEY (`ID_Cliente`) REFERENCES `clientes` (`ID_Cliente`)) in /home/app/public_html/agencia/system/Database/MySQLi/Connection.php:295
Stack trace:
#0 /home/app/public_html/agencia/system/Database/MySQLi/Connection.php(295): mysqli->query('INSERT INTO `re...', 0)
#1 /home/app/public_html/agencia/system/Database/BaseConnection.php(691): CodeIgniter\Database\MySQLi\Connection->execute('INSERT INTO `re...')
#2 /home/app/public_html/agencia/system/Database/BaseConnection.php(605): CodeIgniter\Database\BaseConnection->simpleQuery('INSERT INTO `re...')
#3 /home/app/public_html/agencia/system/Database/BaseBuilder.php(2309): CodeIgniter\Database\BaseConnection->query('INSERT INTO `re...', Array, false)
#4 /home/app/public_html/agencia/system/Model.php(330): CodeIgniter\Database\BaseBuilder->insert()
#5 /home/app/public_html/agencia/system/BaseModel.php(782): CodeIgniter\Model->doInsert(Array)
#6 /home/app/public_html/agencia/system/Model.php(730): CodeIgniter\BaseModel->insert(Array, true)
#7 /home/app/public_html/agencia/app/Controllers/Reservas.php(134): CodeIgniter\Model->insert(Array)
#8 /home/app/public_html/agencia/system/CodeIgniter.php(934): App\Controllers\Reservas->create()
#9 /home/app/public_html/agencia/system/CodeIgniter.php(499): CodeIgniter\CodeIgniter->runController(Object(App\Controllers\Reservas))
#10 /home/app/public_html/agencia/system/CodeIgniter.php(368): CodeIgniter\CodeIgniter->handleRequest(NULL, Object(Config\Cache), false)
#11 /home/app/public_html/agencia/index.php(67): CodeIgniter\CodeIgniter->run()
#12 {main}
CRITICAL - 2023-11-22 04:36:48 --> Cannot add or update a child row: a foreign key constraint fails (`app_agencia`.`reservas`, CONSTRAINT `reservas_ibfk_1` FOREIGN KEY (`ID_Cliente`) REFERENCES `clientes` (`ID_Cliente`))
in SYSTEMPATH/Database/MySQLi/Connection.php on line 295.
 1 SYSTEMPATH/Database/MySQLi/Connection.php(295): mysqli->query('INSERT INTO `reservas` (`ID_Cliente`, `ID_Paquete`, `fechaInicio`, `fechaFin`) VALUES (\'2\', \'20\', \'3231\', \'3213\')', 0)
 2 SYSTEMPATH/Database/BaseConnection.php(691): CodeIgniter\Database\MySQLi\Connection->execute('INSERT INTO `reservas` (`ID_Cliente`, `ID_Paquete`, `fechaInicio`, `fechaFin`) VALUES (\'2\', \'20\', \'3231\', \'3213\')')
 3 SYSTEMPATH/Database/BaseConnection.php(605): CodeIgniter\Database\BaseConnection->simpleQuery('INSERT INTO `reservas` (`ID_Cliente`, `ID_Paquete`, `fechaInicio`, `fechaFin`) VALUES (\'2\', \'20\', \'3231\', \'3213\')')
 4 SYSTEMPATH/Database/BaseBuilder.php(2309): CodeIgniter\Database\BaseConnection->query('INSERT INTO `reservas` (`ID_Cliente`, `ID_Paquete`, `fechaInicio`, `fechaFin`) VALUES (:ID_Cliente:, :ID_Paquete:, :fechaInicio:, :fechaFin:)', [...], false)
 5 SYSTEMPATH/Model.php(330): CodeIgniter\Database\BaseBuilder->insert()
 6 SYSTEMPATH/BaseModel.php(782): CodeIgniter\Model->doInsert([...])
 7 SYSTEMPATH/Model.php(730): CodeIgniter\BaseModel->insert([...], true)
 8 APPPATH/Controllers/Reservas.php(134): CodeIgniter\Model->insert([...])
 9 SYSTEMPATH/CodeIgniter.php(934): App\Controllers\Reservas->create()
10 SYSTEMPATH/CodeIgniter.php(499): CodeIgniter\CodeIgniter->runController(Object(App\Controllers\Reservas))
11 SYSTEMPATH/CodeIgniter.php(368): CodeIgniter\CodeIgniter->handleRequest(null, Object(Config\Cache), false)
12 FCPATH/index.php(67): CodeIgniter\CodeIgniter->run()
ERROR - 2023-11-22 04:37:39 --> mysqli_sql_exception: Cannot add or update a child row: a foreign key constraint fails (`app_agencia`.`reservas`, CONSTRAINT `reservas_ibfk_1` FOREIGN KEY (`ID_Cliente`) REFERENCES `clientes` (`ID_Cliente`)) in /home/app/public_html/agencia/system/Database/MySQLi/Connection.php:295
Stack trace:
#0 /home/app/public_html/agencia/system/Database/MySQLi/Connection.php(295): mysqli->query('INSERT INTO `re...', 0)
#1 /home/app/public_html/agencia/system/Database/BaseConnection.php(691): CodeIgniter\Database\MySQLi\Connection->execute('INSERT INTO `re...')
#2 /home/app/public_html/agencia/system/Database/BaseConnection.php(605): CodeIgniter\Database\BaseConnection->simpleQuery('INSERT INTO `re...')
#3 /home/app/public_html/agencia/system/Database/BaseBuilder.php(2309): CodeIgniter\Database\BaseConnection->query('INSERT INTO `re...', Array, false)
#4 /home/app/public_html/agencia/system/Model.php(330): CodeIgniter\Database\BaseBuilder->insert()
#5 /home/app/public_html/agencia/system/BaseModel.php(782): CodeIgniter\Model->doInsert(Array)
#6 /home/app/public_html/agencia/system/Model.php(730): CodeIgniter\BaseModel->insert(Array, true)
#7 /home/app/public_html/agencia/app/Controllers/Reservas.php(134): CodeIgniter\Model->insert(Array)
#8 /home/app/public_html/agencia/system/CodeIgniter.php(934): App\Controllers\Reservas->create()
#9 /home/app/public_html/agencia/system/CodeIgniter.php(499): CodeIgniter\CodeIgniter->runController(Object(App\Controllers\Reservas))
#10 /home/app/public_html/agencia/system/CodeIgniter.php(368): CodeIgniter\CodeIgniter->handleRequest(NULL, Object(Config\Cache), false)
#11 /home/app/public_html/agencia/index.php(67): CodeIgniter\CodeIgniter->run()
#12 {main}
CRITICAL - 2023-11-22 04:37:39 --> Cannot add or update a child row: a foreign key constraint fails (`app_agencia`.`reservas`, CONSTRAINT `reservas_ibfk_1` FOREIGN KEY (`ID_Cliente`) REFERENCES `clientes` (`ID_Cliente`))
in SYSTEMPATH/Database/MySQLi/Connection.php on line 295.
 1 SYSTEMPATH/Database/MySQLi/Connection.php(295): mysqli->query('INSERT INTO `reservas` (`ID_Cliente`, `ID_Paquete`, `fechaInicio`, `fechaFin`) VALUES (\'2\', \'20\', \'3231\', \'3213\')', 0)
 2 SYSTEMPATH/Database/BaseConnection.php(691): CodeIgniter\Database\MySQLi\Connection->execute('INSERT INTO `reservas` (`ID_Cliente`, `ID_Paquete`, `fechaInicio`, `fechaFin`) VALUES (\'2\', \'20\', \'3231\', \'3213\')')
 3 SYSTEMPATH/Database/BaseConnection.php(605): CodeIgniter\Database\BaseConnection->simpleQuery('INSERT INTO `reservas` (`ID_Cliente`, `ID_Paquete`, `fechaInicio`, `fechaFin`) VALUES (\'2\', \'20\', \'3231\', \'3213\')')
 4 SYSTEMPATH/Database/BaseBuilder.php(2309): CodeIgniter\Database\BaseConnection->query('INSERT INTO `reservas` (`ID_Cliente`, `ID_Paquete`, `fechaInicio`, `fechaFin`) VALUES (:ID_Cliente:, :ID_Paquete:, :fechaInicio:, :fechaFin:)', [...], false)
 5 SYSTEMPATH/Model.php(330): CodeIgniter\Database\BaseBuilder->insert()
 6 SYSTEMPATH/BaseModel.php(782): CodeIgniter\Model->doInsert([...])
 7 SYSTEMPATH/Model.php(730): CodeIgniter\BaseModel->insert([...], true)
 8 APPPATH/Controllers/Reservas.php(134): CodeIgniter\Model->insert([...])
 9 SYSTEMPATH/CodeIgniter.php(934): App\Controllers\Reservas->create()
10 SYSTEMPATH/CodeIgniter.php(499): CodeIgniter\CodeIgniter->runController(Object(App\Controllers\Reservas))
11 SYSTEMPATH/CodeIgniter.php(368): CodeIgniter\CodeIgniter->handleRequest(null, Object(Config\Cache), false)
12 FCPATH/index.php(67): CodeIgniter\CodeIgniter->run()
ERROR - 2023-11-22 04:37:46 --> mysqli_sql_exception: Cannot add or update a child row: a foreign key constraint fails (`app_agencia`.`reservas`, CONSTRAINT `reservas_ibfk_1` FOREIGN KEY (`ID_Cliente`) REFERENCES `clientes` (`ID_Cliente`)) in /home/app/public_html/agencia/system/Database/MySQLi/Connection.php:295
Stack trace:
#0 /home/app/public_html/agencia/system/Database/MySQLi/Connection.php(295): mysqli->query('INSERT INTO `re...', 0)
#1 /home/app/public_html/agencia/system/Database/BaseConnection.php(691): CodeIgniter\Database\MySQLi\Connection->execute('INSERT INTO `re...')
#2 /home/app/public_html/agencia/system/Database/BaseConnection.php(605): CodeIgniter\Database\BaseConnection->simpleQuery('INSERT INTO `re...')
#3 /home/app/public_html/agencia/system/Database/BaseBuilder.php(2309): CodeIgniter\Database\BaseConnection->query('INSERT INTO `re...', Array, false)
#4 /home/app/public_html/agencia/system/Model.php(330): CodeIgniter\Database\BaseBuilder->insert()
#5 /home/app/public_html/agencia/system/BaseModel.php(782): CodeIgniter\Model->doInsert(Array)
#6 /home/app/public_html/agencia/system/Model.php(730): CodeIgniter\BaseModel->insert(Array, true)
#7 /home/app/public_html/agencia/app/Controllers/Reservas.php(134): CodeIgniter\Model->insert(Array)
#8 /home/app/public_html/agencia/system/CodeIgniter.php(934): App\Controllers\Reservas->create()
#9 /home/app/public_html/agencia/system/CodeIgniter.php(499): CodeIgniter\CodeIgniter->runController(Object(App\Controllers\Reservas))
#10 /home/app/public_html/agencia/system/CodeIgniter.php(368): CodeIgniter\CodeIgniter->handleRequest(NULL, Object(Config\Cache), false)
#11 /home/app/public_html/agencia/index.php(67): CodeIgniter\CodeIgniter->run()
#12 {main}
CRITICAL - 2023-11-22 04:37:46 --> Cannot add or update a child row: a foreign key constraint fails (`app_agencia`.`reservas`, CONSTRAINT `reservas_ibfk_1` FOREIGN KEY (`ID_Cliente`) REFERENCES `clientes` (`ID_Cliente`))
in SYSTEMPATH/Database/MySQLi/Connection.php on line 295.
 1 SYSTEMPATH/Database/MySQLi/Connection.php(295): mysqli->query('INSERT INTO `reservas` (`ID_Cliente`, `ID_Paquete`, `fechaInicio`, `fechaFin`) VALUES (\'2\', \'20\', \'3231\', \'3213\')', 0)
 2 SYSTEMPATH/Database/BaseConnection.php(691): CodeIgniter\Database\MySQLi\Connection->execute('INSERT INTO `reservas` (`ID_Cliente`, `ID_Paquete`, `fechaInicio`, `fechaFin`) VALUES (\'2\', \'20\', \'3231\', \'3213\')')
 3 SYSTEMPATH/Database/BaseConnection.php(605): CodeIgniter\Database\BaseConnection->simpleQuery('INSERT INTO `reservas` (`ID_Cliente`, `ID_Paquete`, `fechaInicio`, `fechaFin`) VALUES (\'2\', \'20\', \'3231\', \'3213\')')
 4 SYSTEMPATH/Database/BaseBuilder.php(2309): CodeIgniter\Database\BaseConnection->query('INSERT INTO `reservas` (`ID_Cliente`, `ID_Paquete`, `fechaInicio`, `fechaFin`) VALUES (:ID_Cliente:, :ID_Paquete:, :fechaInicio:, :fechaFin:)', [...], false)
 5 SYSTEMPATH/Model.php(330): CodeIgniter\Database\BaseBuilder->insert()
 6 SYSTEMPATH/BaseModel.php(782): CodeIgniter\Model->doInsert([...])
 7 SYSTEMPATH/Model.php(730): CodeIgniter\BaseModel->insert([...], true)
 8 APPPATH/Controllers/Reservas.php(134): CodeIgniter\Model->insert([...])
 9 SYSTEMPATH/CodeIgniter.php(934): App\Controllers\Reservas->create()
10 SYSTEMPATH/CodeIgniter.php(499): CodeIgniter\CodeIgniter->runController(Object(App\Controllers\Reservas))
11 SYSTEMPATH/CodeIgniter.php(368): CodeIgniter\CodeIgniter->handleRequest(null, Object(Config\Cache), false)
12 FCPATH/index.php(67): CodeIgniter\CodeIgniter->run()
ERROR - 2023-11-22 04:40:31 --> mysqli_sql_exception: Cannot add or update a child row: a foreign key constraint fails (`app_agencia`.`reservas`, CONSTRAINT `reservas_ibfk_1` FOREIGN KEY (`ID_Cliente`) REFERENCES `clientes` (`ID_Cliente`)) in /home/app/public_html/agencia/system/Database/MySQLi/Connection.php:295
Stack trace:
#0 /home/app/public_html/agencia/system/Database/MySQLi/Connection.php(295): mysqli->query('INSERT INTO `re...', 0)
#1 /home/app/public_html/agencia/system/Database/BaseConnection.php(691): CodeIgniter\Database\MySQLi\Connection->execute('INSERT INTO `re...')
#2 /home/app/public_html/agencia/system/Database/BaseConnection.php(605): CodeIgniter\Database\BaseConnection->simpleQuery('INSERT INTO `re...')
#3 /home/app/public_html/agencia/system/Database/BaseBuilder.php(2309): CodeIgniter\Database\BaseConnection->query('INSERT INTO `re...', Array, false)
#4 /home/app/public_html/agencia/system/Model.php(330): CodeIgniter\Database\BaseBuilder->insert()
#5 /home/app/public_html/agencia/system/BaseModel.php(782): CodeIgniter\Model->doInsert(Array)
#6 /home/app/public_html/agencia/system/Model.php(730): CodeIgniter\BaseModel->insert(Array, true)
#7 /home/app/public_html/agencia/app/Controllers/Reservas.php(134): CodeIgniter\Model->insert(Array)
#8 /home/app/public_html/agencia/system/CodeIgniter.php(934): App\Controllers\Reservas->create()
#9 /home/app/public_html/agencia/system/CodeIgniter.php(499): CodeIgniter\CodeIgniter->runController(Object(App\Controllers\Reservas))
#10 /home/app/public_html/agencia/system/CodeIgniter.php(368): CodeIgniter\CodeIgniter->handleRequest(NULL, Object(Config\Cache), false)
#11 /home/app/public_html/agencia/index.php(67): CodeIgniter\CodeIgniter->run()
#12 {main}
CRITICAL - 2023-11-22 04:40:31 --> Cannot add or update a child row: a foreign key constraint fails (`app_agencia`.`reservas`, CONSTRAINT `reservas_ibfk_1` FOREIGN KEY (`ID_Cliente`) REFERENCES `clientes` (`ID_Cliente`))
in SYSTEMPATH/Database/MySQLi/Connection.php on line 295.
 1 SYSTEMPATH/Database/MySQLi/Connection.php(295): mysqli->query('INSERT INTO `reservas` (`ID_Cliente`, `ID_Paquete`, `fechaInicio`, `fechaFin`) VALUES (\'2\', \'20\', \'312341\', \'421341\')', 0)
 2 SYSTEMPATH/Database/BaseConnection.php(691): CodeIgniter\Database\MySQLi\Connection->execute('INSERT INTO `reservas` (`ID_Cliente`, `ID_Paquete`, `fechaInicio`, `fechaFin`) VALUES (\'2\', \'20\', \'312341\', \'421341\')')
 3 SYSTEMPATH/Database/BaseConnection.php(605): CodeIgniter\Database\BaseConnection->simpleQuery('INSERT INTO `reservas` (`ID_Cliente`, `ID_Paquete`, `fechaInicio`, `fechaFin`) VALUES (\'2\', \'20\', \'312341\', \'421341\')')
 4 SYSTEMPATH/Database/BaseBuilder.php(2309): CodeIgniter\Database\BaseConnection->query('INSERT INTO `reservas` (`ID_Cliente`, `ID_Paquete`, `fechaInicio`, `fechaFin`) VALUES (:ID_Cliente:, :ID_Paquete:, :fechaInicio:, :fechaFin:)', [...], false)
 5 SYSTEMPATH/Model.php(330): CodeIgniter\Database\BaseBuilder->insert()
 6 SYSTEMPATH/BaseModel.php(782): CodeIgniter\Model->doInsert([...])
 7 SYSTEMPATH/Model.php(730): CodeIgniter\BaseModel->insert([...], true)
 8 APPPATH/Controllers/Reservas.php(134): CodeIgniter\Model->insert([...])
 9 SYSTEMPATH/CodeIgniter.php(934): App\Controllers\Reservas->create()
10 SYSTEMPATH/CodeIgniter.php(499): CodeIgniter\CodeIgniter->runController(Object(App\Controllers\Reservas))
11 SYSTEMPATH/CodeIgniter.php(368): CodeIgniter\CodeIgniter->handleRequest(null, Object(Config\Cache), false)
12 FCPATH/index.php(67): CodeIgniter\CodeIgniter->run()
ERROR - 2023-11-22 04:40:40 --> mysqli_sql_exception: Cannot add or update a child row: a foreign key constraint fails (`app_agencia`.`reservas`, CONSTRAINT `reservas_ibfk_1` FOREIGN KEY (`ID_Cliente`) REFERENCES `clientes` (`ID_Cliente`)) in /home/app/public_html/agencia/system/Database/MySQLi/Connection.php:295
Stack trace:
#0 /home/app/public_html/agencia/system/Database/MySQLi/Connection.php(295): mysqli->query('INSERT INTO `re...', 0)
#1 /home/app/public_html/agencia/system/Database/BaseConnection.php(691): CodeIgniter\Database\MySQLi\Connection->execute('INSERT INTO `re...')
#2 /home/app/public_html/agencia/system/Database/BaseConnection.php(605): CodeIgniter\Database\BaseConnection->simpleQuery('INSERT INTO `re...')
#3 /home/app/public_html/agencia/system/Database/BaseBuilder.php(2309): CodeIgniter\Database\BaseConnection->query('INSERT INTO `re...', Array, false)
#4 /home/app/public_html/agencia/system/Model.php(330): CodeIgniter\Database\BaseBuilder->insert()
#5 /home/app/public_html/agencia/system/BaseModel.php(782): CodeIgniter\Model->doInsert(Array)
#6 /home/app/public_html/agencia/system/Model.php(730): CodeIgniter\BaseModel->insert(Array, true)
#7 /home/app/public_html/agencia/app/Controllers/Reservas.php(134): CodeIgniter\Model->insert(Array)
#8 /home/app/public_html/agencia/system/CodeIgniter.php(934): App\Controllers\Reservas->create()
#9 /home/app/public_html/agencia/system/CodeIgniter.php(499): CodeIgniter\CodeIgniter->runController(Object(App\Controllers\Reservas))
#10 /home/app/public_html/agencia/system/CodeIgniter.php(368): CodeIgniter\CodeIgniter->handleRequest(NULL, Object(Config\Cache), false)
#11 /home/app/public_html/agencia/index.php(67): CodeIgniter\CodeIgniter->run()
#12 {main}
CRITICAL - 2023-11-22 04:40:40 --> Cannot add or update a child row: a foreign key constraint fails (`app_agencia`.`reservas`, CONSTRAINT `reservas_ibfk_1` FOREIGN KEY (`ID_Cliente`) REFERENCES `clientes` (`ID_Cliente`))
in SYSTEMPATH/Database/MySQLi/Connection.php on line 295.
 1 SYSTEMPATH/Database/MySQLi/Connection.php(295): mysqli->query('INSERT INTO `reservas` (`ID_Cliente`, `ID_Paquete`, `fechaInicio`, `fechaFin`) VALUES (\'2\', \'20\', \'312341\', \'421341\')', 0)
 2 SYSTEMPATH/Database/BaseConnection.php(691): CodeIgniter\Database\MySQLi\Connection->execute('INSERT INTO `reservas` (`ID_Cliente`, `ID_Paquete`, `fechaInicio`, `fechaFin`) VALUES (\'2\', \'20\', \'312341\', \'421341\')')
 3 SYSTEMPATH/Database/BaseConnection.php(605): CodeIgniter\Database\BaseConnection->simpleQuery('INSERT INTO `reservas` (`ID_Cliente`, `ID_Paquete`, `fechaInicio`, `fechaFin`) VALUES (\'2\', \'20\', \'312341\', \'421341\')')
 4 SYSTEMPATH/Database/BaseBuilder.php(2309): CodeIgniter\Database\BaseConnection->query('INSERT INTO `reservas` (`ID_Cliente`, `ID_Paquete`, `fechaInicio`, `fechaFin`) VALUES (:ID_Cliente:, :ID_Paquete:, :fechaInicio:, :fechaFin:)', [...], false)
 5 SYSTEMPATH/Model.php(330): CodeIgniter\Database\BaseBuilder->insert()
 6 SYSTEMPATH/BaseModel.php(782): CodeIgniter\Model->doInsert([...])
 7 SYSTEMPATH/Model.php(730): CodeIgniter\BaseModel->insert([...], true)
 8 APPPATH/Controllers/Reservas.php(134): CodeIgniter\Model->insert([...])
 9 SYSTEMPATH/CodeIgniter.php(934): App\Controllers\Reservas->create()
10 SYSTEMPATH/CodeIgniter.php(499): CodeIgniter\CodeIgniter->runController(Object(App\Controllers\Reservas))
11 SYSTEMPATH/CodeIgniter.php(368): CodeIgniter\CodeIgniter->handleRequest(null, Object(Config\Cache), false)
12 FCPATH/index.php(67): CodeIgniter\CodeIgniter->run()
ERROR - 2023-11-22 04:40:46 --> mysqli_sql_exception: Cannot add or update a child row: a foreign key constraint fails (`app_agencia`.`reservas`, CONSTRAINT `reservas_ibfk_1` FOREIGN KEY (`ID_Cliente`) REFERENCES `clientes` (`ID_Cliente`)) in /home/app/public_html/agencia/system/Database/MySQLi/Connection.php:295
Stack trace:
#0 /home/app/public_html/agencia/system/Database/MySQLi/Connection.php(295): mysqli->query('INSERT INTO `re...', 0)
#1 /home/app/public_html/agencia/system/Database/BaseConnection.php(691): CodeIgniter\Database\MySQLi\Connection->execute('INSERT INTO `re...')
#2 /home/app/public_html/agencia/system/Database/BaseConnection.php(605): CodeIgniter\Database\BaseConnection->simpleQuery('INSERT INTO `re...')
#3 /home/app/public_html/agencia/system/Database/BaseBuilder.php(2309): CodeIgniter\Database\BaseConnection->query('INSERT INTO `re...', Array, false)
#4 /home/app/public_html/agencia/system/Model.php(330): CodeIgniter\Database\BaseBuilder->insert()
#5 /home/app/public_html/agencia/system/BaseModel.php(782): CodeIgniter\Model->doInsert(Array)
#6 /home/app/public_html/agencia/system/Model.php(730): CodeIgniter\BaseModel->insert(Array, true)
#7 /home/app/public_html/agencia/app/Controllers/Reservas.php(134): CodeIgniter\Model->insert(Array)
#8 /home/app/public_html/agencia/system/CodeIgniter.php(934): App\Controllers\Reservas->create()
#9 /home/app/public_html/agencia/system/CodeIgniter.php(499): CodeIgniter\CodeIgniter->runController(Object(App\Controllers\Reservas))
#10 /home/app/public_html/agencia/system/CodeIgniter.php(368): CodeIgniter\CodeIgniter->handleRequest(NULL, Object(Config\Cache), false)
#11 /home/app/public_html/agencia/index.php(67): CodeIgniter\CodeIgniter->run()
#12 {main}
CRITICAL - 2023-11-22 04:40:46 --> Cannot add or update a child row: a foreign key constraint fails (`app_agencia`.`reservas`, CONSTRAINT `reservas_ibfk_1` FOREIGN KEY (`ID_Cliente`) REFERENCES `clientes` (`ID_Cliente`))
in SYSTEMPATH/Database/MySQLi/Connection.php on line 295.
 1 SYSTEMPATH/Database/MySQLi/Connection.php(295): mysqli->query('INSERT INTO `reservas` (`ID_Cliente`, `ID_Paquete`, `fechaInicio`, `fechaFin`) VALUES (\'2\', \'20\', \'312341\', \'421341\')', 0)
 2 SYSTEMPATH/Database/BaseConnection.php(691): CodeIgniter\Database\MySQLi\Connection->execute('INSERT INTO `reservas` (`ID_Cliente`, `ID_Paquete`, `fechaInicio`, `fechaFin`) VALUES (\'2\', \'20\', \'312341\', \'421341\')')
 3 SYSTEMPATH/Database/BaseConnection.php(605): CodeIgniter\Database\BaseConnection->simpleQuery('INSERT INTO `reservas` (`ID_Cliente`, `ID_Paquete`, `fechaInicio`, `fechaFin`) VALUES (\'2\', \'20\', \'312341\', \'421341\')')
 4 SYSTEMPATH/Database/BaseBuilder.php(2309): CodeIgniter\Database\BaseConnection->query('INSERT INTO `reservas` (`ID_Cliente`, `ID_Paquete`, `fechaInicio`, `fechaFin`) VALUES (:ID_Cliente:, :ID_Paquete:, :fechaInicio:, :fechaFin:)', [...], false)
 5 SYSTEMPATH/Model.php(330): CodeIgniter\Database\BaseBuilder->insert()
 6 SYSTEMPATH/BaseModel.php(782): CodeIgniter\Model->doInsert([...])
 7 SYSTEMPATH/Model.php(730): CodeIgniter\BaseModel->insert([...], true)
 8 APPPATH/Controllers/Reservas.php(134): CodeIgniter\Model->insert([...])
 9 SYSTEMPATH/CodeIgniter.php(934): App\Controllers\Reservas->create()
10 SYSTEMPATH/CodeIgniter.php(499): CodeIgniter\CodeIgniter->runController(Object(App\Controllers\Reservas))
11 SYSTEMPATH/CodeIgniter.php(368): CodeIgniter\CodeIgniter->handleRequest(null, Object(Config\Cache), false)
12 FCPATH/index.php(67): CodeIgniter\CodeIgniter->run()
ERROR - 2023-11-22 04:42:02 --> mysqli_sql_exception: Cannot add or update a child row: a foreign key constraint fails (`app_agencia`.`reservas`, CONSTRAINT `reservas_ibfk_1` FOREIGN KEY (`ID_Cliente`) REFERENCES `clientes` (`ID_Cliente`)) in /home/app/public_html/agencia/system/Database/MySQLi/Connection.php:295
Stack trace:
#0 /home/app/public_html/agencia/system/Database/MySQLi/Connection.php(295): mysqli->query('INSERT INTO `re...', 0)
#1 /home/app/public_html/agencia/system/Database/BaseConnection.php(691): CodeIgniter\Database\MySQLi\Connection->execute('INSERT INTO `re...')
#2 /home/app/public_html/agencia/system/Database/BaseConnection.php(605): CodeIgniter\Database\BaseConnection->simpleQuery('INSERT INTO `re...')
#3 /home/app/public_html/agencia/system/Database/BaseBuilder.php(2309): CodeIgniter\Database\BaseConnection->query('INSERT INTO `re...', Array, false)
#4 /home/app/public_html/agencia/system/Model.php(330): CodeIgniter\Database\BaseBuilder->insert()
#5 /home/app/public_html/agencia/system/BaseModel.php(782): CodeIgniter\Model->doInsert(Array)
#6 /home/app/public_html/agencia/system/Model.php(730): CodeIgniter\BaseModel->insert(Array, true)
#7 /home/app/public_html/agencia/app/Controllers/Reservas.php(134): CodeIgniter\Model->insert(Array)
#8 /home/app/public_html/agencia/system/CodeIgniter.php(934): App\Controllers\Reservas->create()
#9 /home/app/public_html/agencia/system/CodeIgniter.php(499): CodeIgniter\CodeIgniter->runController(Object(App\Controllers\Reservas))
#10 /home/app/public_html/agencia/system/CodeIgniter.php(368): CodeIgniter\CodeIgniter->handleRequest(NULL, Object(Config\Cache), false)
#11 /home/app/public_html/agencia/index.php(67): CodeIgniter\CodeIgniter->run()
#12 {main}
CRITICAL - 2023-11-22 04:42:02 --> Cannot add or update a child row: a foreign key constraint fails (`app_agencia`.`reservas`, CONSTRAINT `reservas_ibfk_1` FOREIGN KEY (`ID_Cliente`) REFERENCES `clientes` (`ID_Cliente`))
in SYSTEMPATH/Database/MySQLi/Connection.php on line 295.
 1 SYSTEMPATH/Database/MySQLi/Connection.php(295): mysqli->query('INSERT INTO `reservas` (`ID_Cliente`, `ID_Paquete`, `fechaInicio`, `fechaFin`) VALUES (\'2\', \'20\', \'31231\', \'312312\')', 0)
 2 SYSTEMPATH/Database/BaseConnection.php(691): CodeIgniter\Database\MySQLi\Connection->execute('INSERT INTO `reservas` (`ID_Cliente`, `ID_Paquete`, `fechaInicio`, `fechaFin`) VALUES (\'2\', \'20\', \'31231\', \'312312\')')
 3 SYSTEMPATH/Database/BaseConnection.php(605): CodeIgniter\Database\BaseConnection->simpleQuery('INSERT INTO `reservas` (`ID_Cliente`, `ID_Paquete`, `fechaInicio`, `fechaFin`) VALUES (\'2\', \'20\', \'31231\', \'312312\')')
 4 SYSTEMPATH/Database/BaseBuilder.php(2309): CodeIgniter\Database\BaseConnection->query('INSERT INTO `reservas` (`ID_Cliente`, `ID_Paquete`, `fechaInicio`, `fechaFin`) VALUES (:ID_Cliente:, :ID_Paquete:, :fechaInicio:, :fechaFin:)', [...], false)
 5 SYSTEMPATH/Model.php(330): CodeIgniter\Database\BaseBuilder->insert()
 6 SYSTEMPATH/BaseModel.php(782): CodeIgniter\Model->doInsert([...])
 7 SYSTEMPATH/Model.php(730): CodeIgniter\BaseModel->insert([...], true)
 8 APPPATH/Controllers/Reservas.php(134): CodeIgniter\Model->insert([...])
 9 SYSTEMPATH/CodeIgniter.php(934): App\Controllers\Reservas->create()
10 SYSTEMPATH/CodeIgniter.php(499): CodeIgniter\CodeIgniter->runController(Object(App\Controllers\Reservas))
11 SYSTEMPATH/CodeIgniter.php(368): CodeIgniter\CodeIgniter->handleRequest(null, Object(Config\Cache), false)
12 FCPATH/index.php(67): CodeIgniter\CodeIgniter->run()
ERROR - 2023-11-22 04:42:48 --> mysqli_sql_exception: Cannot add or update a child row: a foreign key constraint fails (`app_agencia`.`reservas`, CONSTRAINT `reservas_ibfk_1` FOREIGN KEY (`ID_Cliente`) REFERENCES `clientes` (`ID_Cliente`)) in /home/app/public_html/agencia/system/Database/MySQLi/Connection.php:295
Stack trace:
#0 /home/app/public_html/agencia/system/Database/MySQLi/Connection.php(295): mysqli->query('INSERT INTO `re...', 0)
#1 /home/app/public_html/agencia/system/Database/BaseConnection.php(691): CodeIgniter\Database\MySQLi\Connection->execute('INSERT INTO `re...')
#2 /home/app/public_html/agencia/system/Database/BaseConnection.php(605): CodeIgniter\Database\BaseConnection->simpleQuery('INSERT INTO `re...')
#3 /home/app/public_html/agencia/system/Database/BaseBuilder.php(2309): CodeIgniter\Database\BaseConnection->query('INSERT INTO `re...', Array, false)
#4 /home/app/public_html/agencia/system/Model.php(330): CodeIgniter\Database\BaseBuilder->insert()
#5 /home/app/public_html/agencia/system/BaseModel.php(782): CodeIgniter\Model->doInsert(Array)
#6 /home/app/public_html/agencia/system/Model.php(730): CodeIgniter\BaseModel->insert(Array, true)
#7 /home/app/public_html/agencia/app/Controllers/Reservas.php(134): CodeIgniter\Model->insert(Array)
#8 /home/app/public_html/agencia/system/CodeIgniter.php(934): App\Controllers\Reservas->create()
#9 /home/app/public_html/agencia/system/CodeIgniter.php(499): CodeIgniter\CodeIgniter->runController(Object(App\Controllers\Reservas))
#10 /home/app/public_html/agencia/system/CodeIgniter.php(368): CodeIgniter\CodeIgniter->handleRequest(NULL, Object(Config\Cache), false)
#11 /home/app/public_html/agencia/index.php(67): CodeIgniter\CodeIgniter->run()
#12 {main}
CRITICAL - 2023-11-22 04:42:48 --> Cannot add or update a child row: a foreign key constraint fails (`app_agencia`.`reservas`, CONSTRAINT `reservas_ibfk_1` FOREIGN KEY (`ID_Cliente`) REFERENCES `clientes` (`ID_Cliente`))
in SYSTEMPATH/Database/MySQLi/Connection.php on line 295.
 1 SYSTEMPATH/Database/MySQLi/Connection.php(295): mysqli->query('INSERT INTO `reservas` (`ID_Cliente`, `ID_Paquete`, `fechaInicio`, `fechaFin`) VALUES (\'2\', \'20\', \'31231\', \'312312\')', 0)
 2 SYSTEMPATH/Database/BaseConnection.php(691): CodeIgniter\Database\MySQLi\Connection->execute('INSERT INTO `reservas` (`ID_Cliente`, `ID_Paquete`, `fechaInicio`, `fechaFin`) VALUES (\'2\', \'20\', \'31231\', \'312312\')')
 3 SYSTEMPATH/Database/BaseConnection.php(605): CodeIgniter\Database\BaseConnection->simpleQuery('INSERT INTO `reservas` (`ID_Cliente`, `ID_Paquete`, `fechaInicio`, `fechaFin`) VALUES (\'2\', \'20\', \'31231\', \'312312\')')
 4 SYSTEMPATH/Database/BaseBuilder.php(2309): CodeIgniter\Database\BaseConnection->query('INSERT INTO `reservas` (`ID_Cliente`, `ID_Paquete`, `fechaInicio`, `fechaFin`) VALUES (:ID_Cliente:, :ID_Paquete:, :fechaInicio:, :fechaFin:)', [...], false)
 5 SYSTEMPATH/Model.php(330): CodeIgniter\Database\BaseBuilder->insert()
 6 SYSTEMPATH/BaseModel.php(782): CodeIgniter\Model->doInsert([...])
 7 SYSTEMPATH/Model.php(730): CodeIgniter\BaseModel->insert([...], true)
 8 APPPATH/Controllers/Reservas.php(134): CodeIgniter\Model->insert([...])
 9 SYSTEMPATH/CodeIgniter.php(934): App\Controllers\Reservas->create()
10 SYSTEMPATH/CodeIgniter.php(499): CodeIgniter\CodeIgniter->runController(Object(App\Controllers\Reservas))
11 SYSTEMPATH/CodeIgniter.php(368): CodeIgniter\CodeIgniter->handleRequest(null, Object(Config\Cache), false)
12 FCPATH/index.php(67): CodeIgniter\CodeIgniter->run()
