ERROR - 2023-06-30 15:59:28 --> mysqli_sql_exception: Table 'integrador.registros' doesn't exist in C:\xampp\htdocs\integrador\system\Database\MySQLi\Connection.php:295
Stack trace:
#0 C:\xampp\htdocs\integrador\system\Database\MySQLi\Connection.php(295): mysqli->query('SELECT *\nFROM `...', 0)
#1 C:\xampp\htdocs\integrador\system\Database\BaseConnection.php(691): CodeIgniter\Database\MySQLi\Connection->execute('SELECT *\nFROM `...')
#2 C:\xampp\htdocs\integrador\system\Database\BaseConnection.php(605): CodeIgniter\Database\BaseConnection->simpleQuery('SELECT *\nFROM `...')
#3 C:\xampp\htdocs\integrador\system\Database\BaseBuilder.php(1616): CodeIgniter\Database\BaseConnection->query('SELECT *\nFROM `...', Array, false)
#4 C:\xampp\htdocs\integrador\system\Model.php(241): CodeIgniter\Database\BaseBuilder->get()
#5 C:\xampp\htdocs\integrador\system\BaseModel.php(618): CodeIgniter\Model->doFindAll(0, 0)
#6 C:\xampp\htdocs\integrador\app\Controllers\Registros.php(8): CodeIgniter\BaseModel->findAll()
#7 C:\xampp\htdocs\integrador\system\CodeIgniter.php(934): App\Controllers\Registros->index()
#8 C:\xampp\htdocs\integrador\system\CodeIgniter.php(499): CodeIgniter\CodeIgniter->runController(Object(App\Controllers\Registros))
#9 C:\xampp\htdocs\integrador\system\CodeIgniter.php(368): CodeIgniter\CodeIgniter->handleRequest(NULL, Object(Config\Cache), false)
#10 C:\xampp\htdocs\integrador\index.php(67): CodeIgniter\CodeIgniter->run()
#11 {main}
CRITICAL - 2023-06-30 15:59:28 --> Table 'integrador.registros' doesn't exist
in SYSTEMPATH\Database\MySQLi\Connection.php on line 295.
 1 SYSTEMPATH\Database\MySQLi\Connection.php(295): mysqli->query('SELECT *
FROM `registros`
WHERE `estado` = 1', 0)
 2 SYSTEMPATH\Database\BaseConnection.php(691): CodeIgniter\Database\MySQLi\Connection->execute('SELECT *
FROM `registros`
WHERE `estado` = 1')
 3 SYSTEMPATH\Database\BaseConnection.php(605): CodeIgniter\Database\BaseConnection->simpleQuery('SELECT *
FROM `registros`
WHERE `estado` = 1')
 4 SYSTEMPATH\Database\BaseBuilder.php(1616): CodeIgniter\Database\BaseConnection->query('SELECT *
FROM `registros`
WHERE `estado` = :estado:', [...], false)
 5 SYSTEMPATH\Model.php(241): CodeIgniter\Database\BaseBuilder->get()
 6 SYSTEMPATH\BaseModel.php(618): CodeIgniter\Model->doFindAll(0, 0)
 7 APPPATH\Controllers\Registros.php(8): CodeIgniter\BaseModel->findAll()
 8 SYSTEMPATH\CodeIgniter.php(934): App\Controllers\Registros->index()
 9 SYSTEMPATH\CodeIgniter.php(499): CodeIgniter\CodeIgniter->runController(Object(App\Controllers\Registros))
10 SYSTEMPATH\CodeIgniter.php(368): CodeIgniter\CodeIgniter->handleRequest(null, Object(Config\Cache), false)
11 FCPATH\index.php(67): CodeIgniter\CodeIgniter->run()
CRITICAL - 2023-06-30 17:44:48 --> Namespace declaration statement has to be the very first statement or after any declare call in the script
in APPPATH\Controllers\Direcciones.php on line 3.
 1 [internal function]: CodeIgniter\Debug\Exceptions->shutdownHandler()
CRITICAL - 2023-06-30 17:46:17 --> Namespace declaration statement has to be the very first statement or after any declare call in the script
in APPPATH\Controllers\Direcciones.php on line 3.
 1 [internal function]: CodeIgniter\Debug\Exceptions->shutdownHandler()
CRITICAL - 2023-06-30 17:47:03 --> Namespace declaration statement has to be the very first statement or after any declare call in the script
in APPPATH\Controllers\Direcciones.php on line 3.
 1 [internal function]: CodeIgniter\Debug\Exceptions->shutdownHandler()
CRITICAL - 2023-06-30 17:52:16 --> Namespace declaration statement has to be the very first statement or after any declare call in the script
in APPPATH\Controllers\Direcciones.php on line 3.
 1 [internal function]: CodeIgniter\Debug\Exceptions->shutdownHandler()
CRITICAL - 2023-06-30 17:57:28 --> Namespace declaration statement has to be the very first statement or after any declare call in the script
in APPPATH\Controllers\Direcciones.php on line 3.
 1 [internal function]: CodeIgniter\Debug\Exceptions->shutdownHandler()
CRITICAL - 2023-06-30 18:40:41 --> Call to undefined method App\Models\DireccionesModel::getCursos
in SYSTEMPATH\Model.php on line 842.
 1 APPPATH\Controllers\Direcciones.php(24): CodeIgniter\Model->__call('getCursos', [])
 2 SYSTEMPATH\CodeIgniter.php(934): App\Controllers\Direcciones->index()
 3 SYSTEMPATH\CodeIgniter.php(499): CodeIgniter\CodeIgniter->runController(Object(App\Controllers\Direcciones))
 4 SYSTEMPATH\CodeIgniter.php(368): CodeIgniter\CodeIgniter->handleRequest(null, Object(Config\Cache), false)
 5 FCPATH\index.php(67): CodeIgniter\CodeIgniter->run()
ERROR - 2023-06-30 19:23:07 --> mysqli_sql_exception: Unknown column 'c.estado' in 'where clause' in C:\xampp\htdocs\integrador\system\Database\MySQLi\Connection.php:295
Stack trace:
#0 C:\xampp\htdocs\integrador\system\Database\MySQLi\Connection.php(295): mysqli->query('SELECT *\nFROM `...', 0)
#1 C:\xampp\htdocs\integrador\system\Database\BaseConnection.php(691): CodeIgniter\Database\MySQLi\Connection->execute('SELECT *\nFROM `...')
#2 C:\xampp\htdocs\integrador\system\Database\BaseConnection.php(605): CodeIgniter\Database\BaseConnection->simpleQuery('SELECT *\nFROM `...')
#3 C:\xampp\htdocs\integrador\system\Database\BaseBuilder.php(1616): CodeIgniter\Database\BaseConnection->query('SELECT *\nFROM `...', Array, false)
#4 C:\xampp\htdocs\integrador\app\Models\HotelesModel.php(20): CodeIgniter\Database\BaseBuilder->get()
#5 C:\xampp\htdocs\integrador\app\Controllers\Hoteles.php(24): App\Models\HotelesModel->getHoteles()
#6 C:\xampp\htdocs\integrador\system\CodeIgniter.php(934): App\Controllers\Hoteles->index()
#7 C:\xampp\htdocs\integrador\system\CodeIgniter.php(499): CodeIgniter\CodeIgniter->runController(Object(App\Controllers\Hoteles))
#8 C:\xampp\htdocs\integrador\system\CodeIgniter.php(368): CodeIgniter\CodeIgniter->handleRequest(NULL, Object(Config\Cache), false)
#9 C:\xampp\htdocs\integrador\index.php(67): CodeIgniter\CodeIgniter->run()
#10 {main}
CRITICAL - 2023-06-30 19:23:07 --> Unknown column 'c.estado' in 'where clause'
in SYSTEMPATH\Database\MySQLi\Connection.php on line 295.
 1 SYSTEMPATH\Database\MySQLi\Connection.php(295): mysqli->query('SELECT *
FROM `hoteles` `c`
JOIN `proveedores` `tc` ON `c`.`ID_Proveedor` = `tc`.`ID_Proveedor`
WHERE `c`.`estado` = 1', 0)
 2 SYSTEMPATH\Database\BaseConnection.php(691): CodeIgniter\Database\MySQLi\Connection->execute('SELECT *
FROM `hoteles` `c`
JOIN `proveedores` `tc` ON `c`.`ID_Proveedor` = `tc`.`ID_Proveedor`
WHERE `c`.`estado` = 1')
 3 SYSTEMPATH\Database\BaseConnection.php(605): CodeIgniter\Database\BaseConnection->simpleQuery('SELECT *
FROM `hoteles` `c`
JOIN `proveedores` `tc` ON `c`.`ID_Proveedor` = `tc`.`ID_Proveedor`
WHERE `c`.`estado` = 1')
 4 SYSTEMPATH\Database\BaseBuilder.php(1616): CodeIgniter\Database\BaseConnection->query('SELECT *
FROM `hoteles` `c`
JOIN `proveedores` `tc` ON `c`.`ID_Proveedor` = `tc`.`ID_Proveedor`
WHERE `c`.`estado` = :c.estado:', [...], false)
 5 APPPATH\Models\HotelesModel.php(20): CodeIgniter\Database\BaseBuilder->get()
 6 APPPATH\Controllers\Hoteles.php(24): App\Models\HotelesModel->getHoteles()
 7 SYSTEMPATH\CodeIgniter.php(934): App\Controllers\Hoteles->index()
 8 SYSTEMPATH\CodeIgniter.php(499): CodeIgniter\CodeIgniter->runController(Object(App\Controllers\Hoteles))
 9 SYSTEMPATH\CodeIgniter.php(368): CodeIgniter\CodeIgniter->handleRequest(null, Object(Config\Cache), false)
10 FCPATH\index.php(67): CodeIgniter\CodeIgniter->run()
ERROR - 2023-06-30 19:26:20 --> mysqli_sql_exception: Column 'precios' cannot be null in C:\xampp\htdocs\integrador\system\Database\MySQLi\Connection.php:295
Stack trace:
#0 C:\xampp\htdocs\integrador\system\Database\MySQLi\Connection.php(295): mysqli->query('INSERT INTO `ho...', 0)
#1 C:\xampp\htdocs\integrador\system\Database\BaseConnection.php(691): CodeIgniter\Database\MySQLi\Connection->execute('INSERT INTO `ho...')
#2 C:\xampp\htdocs\integrador\system\Database\BaseConnection.php(605): CodeIgniter\Database\BaseConnection->simpleQuery('INSERT INTO `ho...')
#3 C:\xampp\htdocs\integrador\system\Database\BaseBuilder.php(2309): CodeIgniter\Database\BaseConnection->query('INSERT INTO `ho...', Array, false)
#4 C:\xampp\htdocs\integrador\system\Model.php(330): CodeIgniter\Database\BaseBuilder->insert()
#5 C:\xampp\htdocs\integrador\system\BaseModel.php(782): CodeIgniter\Model->doInsert(Array)
#6 C:\xampp\htdocs\integrador\system\Model.php(730): CodeIgniter\BaseModel->insert(Array, true)
#7 C:\xampp\htdocs\integrador\app\Controllers\Hoteles.php(137): CodeIgniter\Model->insert(Array)
#8 C:\xampp\htdocs\integrador\system\CodeIgniter.php(934): App\Controllers\Hoteles->create()
#9 C:\xampp\htdocs\integrador\system\CodeIgniter.php(499): CodeIgniter\CodeIgniter->runController(Object(App\Controllers\Hoteles))
#10 C:\xampp\htdocs\integrador\system\CodeIgniter.php(368): CodeIgniter\CodeIgniter->handleRequest(NULL, Object(Config\Cache), false)
#11 C:\xampp\htdocs\integrador\index.php(67): CodeIgniter\CodeIgniter->run()
#12 {main}
CRITICAL - 2023-06-30 19:26:20 --> Column 'precios' cannot be null
in SYSTEMPATH\Database\MySQLi\Connection.php on line 295.
 1 SYSTEMPATH\Database\MySQLi\Connection.php(295): mysqli->query('INSERT INTO `hoteles` (`nombre`, `ubicacion`, `categoria`, `precios`, `ID_Proveedor`) VALUES (\'EXTUSOL\', \'En casa\', \'Paquete\', NULL, \'2\')', 0)
 2 SYSTEMPATH\Database\BaseConnection.php(691): CodeIgniter\Database\MySQLi\Connection->execute('INSERT INTO `hoteles` (`nombre`, `ubicacion`, `categoria`, `precios`, `ID_Proveedor`) VALUES (\'EXTUSOL\', \'En casa\', \'Paquete\', NULL, \'2\')')
 3 SYSTEMPATH\Database\BaseConnection.php(605): CodeIgniter\Database\BaseConnection->simpleQuery('INSERT INTO `hoteles` (`nombre`, `ubicacion`, `categoria`, `precios`, `ID_Proveedor`) VALUES (\'EXTUSOL\', \'En casa\', \'Paquete\', NULL, \'2\')')
 4 SYSTEMPATH\Database\BaseBuilder.php(2309): CodeIgniter\Database\BaseConnection->query('INSERT INTO `hoteles` (`nombre`, `ubicacion`, `categoria`, `precios`, `ID_Proveedor`) VALUES (:nombre:, :ubicacion:, :categoria:, :precios:, :ID_Proveedor:)', [...], false)
 5 SYSTEMPATH\Model.php(330): CodeIgniter\Database\BaseBuilder->insert()
 6 SYSTEMPATH\BaseModel.php(782): CodeIgniter\Model->doInsert([...])
 7 SYSTEMPATH\Model.php(730): CodeIgniter\BaseModel->insert([...], true)
 8 APPPATH\Controllers\Hoteles.php(137): CodeIgniter\Model->insert([...])
 9 SYSTEMPATH\CodeIgniter.php(934): App\Controllers\Hoteles->create()
10 SYSTEMPATH\CodeIgniter.php(499): CodeIgniter\CodeIgniter->runController(Object(App\Controllers\Hoteles))
11 SYSTEMPATH\CodeIgniter.php(368): CodeIgniter\CodeIgniter->handleRequest(null, Object(Config\Cache), false)
12 FCPATH\index.php(67): CodeIgniter\CodeIgniter->run()
ERROR - 2023-06-30 19:28:36 --> mysqli_sql_exception: Unknown column 'c.ID_Direccion' in 'where clause' in C:\xampp\htdocs\integrador\system\Database\MySQLi\Connection.php:295
Stack trace:
#0 C:\xampp\htdocs\integrador\system\Database\MySQLi\Connection.php(295): mysqli->query('SELECT *\nFROM `...', 0)
#1 C:\xampp\htdocs\integrador\system\Database\BaseConnection.php(691): CodeIgniter\Database\MySQLi\Connection->execute('SELECT *\nFROM `...')
#2 C:\xampp\htdocs\integrador\system\Database\BaseConnection.php(605): CodeIgniter\Database\BaseConnection->simpleQuery('SELECT *\nFROM `...')
#3 C:\xampp\htdocs\integrador\system\Database\BaseBuilder.php(1616): CodeIgniter\Database\BaseConnection->query('SELECT *\nFROM `...', Array, false)
#4 C:\xampp\htdocs\integrador\app\Models\HotelesModel.php(27): CodeIgniter\Database\BaseBuilder->get()
#5 C:\xampp\htdocs\integrador\app\Controllers\Hoteles.php(68): App\Models\HotelesModel->getId('1')
#6 C:\xampp\htdocs\integrador\system\CodeIgniter.php(934): App\Controllers\Hoteles->show('1')
#7 C:\xampp\htdocs\integrador\system\CodeIgniter.php(499): CodeIgniter\CodeIgniter->runController(Object(App\Controllers\Hoteles))
#8 C:\xampp\htdocs\integrador\system\CodeIgniter.php(368): CodeIgniter\CodeIgniter->handleRequest(NULL, Object(Config\Cache), false)
#9 C:\xampp\htdocs\integrador\index.php(67): CodeIgniter\CodeIgniter->run()
#10 {main}
CRITICAL - 2023-06-30 19:28:36 --> Unknown column 'c.ID_Direccion' in 'where clause'
in SYSTEMPATH\Database\MySQLi\Connection.php on line 295.
 1 SYSTEMPATH\Database\MySQLi\Connection.php(295): mysqli->query('SELECT *
FROM `hoteles` `c`
JOIN `proveedores` `tc` ON `c`.`ID_Proveedor` = `tc`.`ID_Proveedor`
WHERE `c`.`ID_Direccion` = \'1\'
AND `c`.`estado` = 1', 0)
 2 SYSTEMPATH\Database\BaseConnection.php(691): CodeIgniter\Database\MySQLi\Connection->execute('SELECT *
FROM `hoteles` `c`
JOIN `proveedores` `tc` ON `c`.`ID_Proveedor` = `tc`.`ID_Proveedor`
WHERE `c`.`ID_Direccion` = \'1\'
AND `c`.`estado` = 1')
 3 SYSTEMPATH\Database\BaseConnection.php(605): CodeIgniter\Database\BaseConnection->simpleQuery('SELECT *
FROM `hoteles` `c`
JOIN `proveedores` `tc` ON `c`.`ID_Proveedor` = `tc`.`ID_Proveedor`
WHERE `c`.`ID_Direccion` = \'1\'
AND `c`.`estado` = 1')
 4 SYSTEMPATH\Database\BaseBuilder.php(1616): CodeIgniter\Database\BaseConnection->query('SELECT *
FROM `hoteles` `c`
JOIN `proveedores` `tc` ON `c`.`ID_Proveedor` = `tc`.`ID_Proveedor`
WHERE `c`.`ID_Direccion` = :c.ID_Direccion:
AND `c`.`estado` = :c.estado:', [...], false)
 5 APPPATH\Models\HotelesModel.php(27): CodeIgniter\Database\BaseBuilder->get()
 6 APPPATH\Controllers\Hoteles.php(68): App\Models\HotelesModel->getId('1')
 7 SYSTEMPATH\CodeIgniter.php(934): App\Controllers\Hoteles->show('1')
 8 SYSTEMPATH\CodeIgniter.php(499): CodeIgniter\CodeIgniter->runController(Object(App\Controllers\Hoteles))
 9 SYSTEMPATH\CodeIgniter.php(368): CodeIgniter\CodeIgniter->handleRequest(null, Object(Config\Cache), false)
10 FCPATH\index.php(67): CodeIgniter\CodeIgniter->run()
ERROR - 2023-06-30 19:29:02 --> mysqli_sql_exception: Unknown column 'c.ID_Direccion' in 'where clause' in C:\xampp\htdocs\integrador\system\Database\MySQLi\Connection.php:295
Stack trace:
#0 C:\xampp\htdocs\integrador\system\Database\MySQLi\Connection.php(295): mysqli->query('SELECT *\nFROM `...', 0)
#1 C:\xampp\htdocs\integrador\system\Database\BaseConnection.php(691): CodeIgniter\Database\MySQLi\Connection->execute('SELECT *\nFROM `...')
#2 C:\xampp\htdocs\integrador\system\Database\BaseConnection.php(605): CodeIgniter\Database\BaseConnection->simpleQuery('SELECT *\nFROM `...')
#3 C:\xampp\htdocs\integrador\system\Database\BaseBuilder.php(1616): CodeIgniter\Database\BaseConnection->query('SELECT *\nFROM `...', Array, false)
#4 C:\xampp\htdocs\integrador\app\Models\HotelesModel.php(27): CodeIgniter\Database\BaseBuilder->get()
#5 C:\xampp\htdocs\integrador\app\Controllers\Hoteles.php(68): App\Models\HotelesModel->getId('1')
#6 C:\xampp\htdocs\integrador\system\CodeIgniter.php(934): App\Controllers\Hoteles->show('1')
#7 C:\xampp\htdocs\integrador\system\CodeIgniter.php(499): CodeIgniter\CodeIgniter->runController(Object(App\Controllers\Hoteles))
#8 C:\xampp\htdocs\integrador\system\CodeIgniter.php(368): CodeIgniter\CodeIgniter->handleRequest(NULL, Object(Config\Cache), false)
#9 C:\xampp\htdocs\integrador\index.php(67): CodeIgniter\CodeIgniter->run()
#10 {main}
CRITICAL - 2023-06-30 19:29:02 --> Unknown column 'c.ID_Direccion' in 'where clause'
in SYSTEMPATH\Database\MySQLi\Connection.php on line 295.
 1 SYSTEMPATH\Database\MySQLi\Connection.php(295): mysqli->query('SELECT *
FROM `hoteles` `c`
JOIN `proveedores` `tc` ON `c`.`ID_Proveedor` = `tc`.`ID_Proveedor`
WHERE `c`.`ID_Direccion` = \'1\'
AND `c`.`estado` = 1', 0)
 2 SYSTEMPATH\Database\BaseConnection.php(691): CodeIgniter\Database\MySQLi\Connection->execute('SELECT *
FROM `hoteles` `c`
JOIN `proveedores` `tc` ON `c`.`ID_Proveedor` = `tc`.`ID_Proveedor`
WHERE `c`.`ID_Direccion` = \'1\'
AND `c`.`estado` = 1')
 3 SYSTEMPATH\Database\BaseConnection.php(605): CodeIgniter\Database\BaseConnection->simpleQuery('SELECT *
FROM `hoteles` `c`
JOIN `proveedores` `tc` ON `c`.`ID_Proveedor` = `tc`.`ID_Proveedor`
WHERE `c`.`ID_Direccion` = \'1\'
AND `c`.`estado` = 1')
 4 SYSTEMPATH\Database\BaseBuilder.php(1616): CodeIgniter\Database\BaseConnection->query('SELECT *
FROM `hoteles` `c`
JOIN `proveedores` `tc` ON `c`.`ID_Proveedor` = `tc`.`ID_Proveedor`
WHERE `c`.`ID_Direccion` = :c.ID_Direccion:
AND `c`.`estado` = :c.estado:', [...], false)
 5 APPPATH\Models\HotelesModel.php(27): CodeIgniter\Database\BaseBuilder->get()
 6 APPPATH\Controllers\Hoteles.php(68): App\Models\HotelesModel->getId('1')
 7 SYSTEMPATH\CodeIgniter.php(934): App\Controllers\Hoteles->show('1')
 8 SYSTEMPATH\CodeIgniter.php(499): CodeIgniter\CodeIgniter->runController(Object(App\Controllers\Hoteles))
 9 SYSTEMPATH\CodeIgniter.php(368): CodeIgniter\CodeIgniter->handleRequest(null, Object(Config\Cache), false)
10 FCPATH\index.php(67): CodeIgniter\CodeIgniter->run()
CRITICAL - 2023-06-30 23:31:58 --> Call to undefined method App\Models\VuelosModel::getVuelos
in SYSTEMPATH\Model.php on line 842.
 1 APPPATH\Controllers\Vuelos.php(22): CodeIgniter\Model->__call('getVuelos', [])
 2 SYSTEMPATH\CodeIgniter.php(934): App\Controllers\Vuelos->index()
 3 SYSTEMPATH\CodeIgniter.php(499): CodeIgniter\CodeIgniter->runController(Object(App\Controllers\Vuelos))
 4 SYSTEMPATH\CodeIgniter.php(368): CodeIgniter\CodeIgniter->handleRequest(null, Object(Config\Cache), false)
 5 FCPATH\index.php(67): CodeIgniter\CodeIgniter->run()
CRITICAL - 2023-06-30 23:33:22 --> Call to undefined method App\Models\VuelosModel::getVuelos
in SYSTEMPATH\Model.php on line 842.
 1 APPPATH\Controllers\Vuelos.php(22): CodeIgniter\Model->__call('getVuelos', [])
 2 SYSTEMPATH\CodeIgniter.php(934): App\Controllers\Vuelos->index()
 3 SYSTEMPATH\CodeIgniter.php(499): CodeIgniter\CodeIgniter->runController(Object(App\Controllers\Vuelos))
 4 SYSTEMPATH\CodeIgniter.php(368): CodeIgniter\CodeIgniter->handleRequest(null, Object(Config\Cache), false)
 5 FCPATH\index.php(67): CodeIgniter\CodeIgniter->run()
CRITICAL - 2023-06-30 23:36:24 --> Call to undefined method App\Models\VuelosModel::getVuelos
in SYSTEMPATH\Model.php on line 842.
 1 APPPATH\Controllers\Vuelos.php(22): CodeIgniter\Model->__call('getVuelos', [])
 2 SYSTEMPATH\CodeIgniter.php(934): App\Controllers\Vuelos->index()
 3 SYSTEMPATH\CodeIgniter.php(499): CodeIgniter\CodeIgniter->runController(Object(App\Controllers\Vuelos))
 4 SYSTEMPATH\CodeIgniter.php(368): CodeIgniter\CodeIgniter->handleRequest(null, Object(Config\Cache), false)
 5 FCPATH\index.php(67): CodeIgniter\CodeIgniter->run()
