ERROR - 2023-07-05 14:58:30 --> mysqli_sql_exception: Cannot add or update a child row: a foreign key constraint fails (`app_agencia`.`calificaciones`, CONSTRAINT `calificaciones_ibfk_1` FOREIGN KEY (`ID_Usuario`) REFERENCES `usuarios` (`ID_Usuario`)) in /home/app/public_html/agencia/system/Database/MySQLi/Connection.php:295
Stack trace:
#0 /home/app/public_html/agencia/system/Database/MySQLi/Connection.php(295): mysqli->query('INSERT INTO `ca...', 0)
#1 /home/app/public_html/agencia/system/Database/BaseConnection.php(691): CodeIgniter\Database\MySQLi\Connection->execute('INSERT INTO `ca...')
#2 /home/app/public_html/agencia/system/Database/BaseConnection.php(605): CodeIgniter\Database\BaseConnection->simpleQuery('INSERT INTO `ca...')
#3 /home/app/public_html/agencia/system/Database/BaseBuilder.php(2309): CodeIgniter\Database\BaseConnection->query('INSERT INTO `ca...', Array, false)
#4 /home/app/public_html/agencia/system/Model.php(330): CodeIgniter\Database\BaseBuilder->insert()
#5 /home/app/public_html/agencia/system/BaseModel.php(782): CodeIgniter\Model->doInsert(Array)
#6 /home/app/public_html/agencia/system/Model.php(730): CodeIgniter\BaseModel->insert(Array, true)
#7 /home/app/public_html/agencia/app/Controllers/Calificaciones.php(134): CodeIgniter\Model->insert(Array)
#8 /home/app/public_html/agencia/system/CodeIgniter.php(934): App\Controllers\Calificaciones->create()
#9 /home/app/public_html/agencia/system/CodeIgniter.php(499): CodeIgniter\CodeIgniter->runController(Object(App\Controllers\Calificaciones))
#10 /home/app/public_html/agencia/system/CodeIgniter.php(368): CodeIgniter\CodeIgniter->handleRequest(NULL, Object(Config\Cache), false)
#11 /home/app/public_html/agencia/index.php(67): CodeIgniter\CodeIgniter->run()
#12 {main}
CRITICAL - 2023-07-05 14:58:30 --> Cannot add or update a child row: a foreign key constraint fails (`app_agencia`.`calificaciones`, CONSTRAINT `calificaciones_ibfk_1` FOREIGN KEY (`ID_Usuario`) REFERENCES `usuarios` (`ID_Usuario`))
in SYSTEMPATH/Database/MySQLi/Connection.php on line 295.
 1 SYSTEMPATH/Database/MySQLi/Connection.php(295): mysqli->query('INSERT INTO `calificaciones` (`ID_Usuario`, `ID_Paquete`, `puntuacion`, `fecha`) VALUES (\'7\', \'5\', \'10 estrellas\', \'02/03/2030\')', 0)
 2 SYSTEMPATH/Database/BaseConnection.php(691): CodeIgniter\Database\MySQLi\Connection->execute('INSERT INTO `calificaciones` (`ID_Usuario`, `ID_Paquete`, `puntuacion`, `fecha`) VALUES (\'7\', \'5\', \'10 estrellas\', \'02/03/2030\')')
 3 SYSTEMPATH/Database/BaseConnection.php(605): CodeIgniter\Database\BaseConnection->simpleQuery('INSERT INTO `calificaciones` (`ID_Usuario`, `ID_Paquete`, `puntuacion`, `fecha`) VALUES (\'7\', \'5\', \'10 estrellas\', \'02/03/2030\')')
 4 SYSTEMPATH/Database/BaseBuilder.php(2309): CodeIgniter\Database\BaseConnection->query('INSERT INTO `calificaciones` (`ID_Usuario`, `ID_Paquete`, `puntuacion`, `fecha`) VALUES (:ID_Usuario:, :ID_Paquete:, :puntuacion:, :fecha:)', [...], false)
 5 SYSTEMPATH/Model.php(330): CodeIgniter\Database\BaseBuilder->insert()
 6 SYSTEMPATH/BaseModel.php(782): CodeIgniter\Model->doInsert([...])
 7 SYSTEMPATH/Model.php(730): CodeIgniter\BaseModel->insert([...], true)
 8 APPPATH/Controllers/Calificaciones.php(134): CodeIgniter\Model->insert([...])
 9 SYSTEMPATH/CodeIgniter.php(934): App\Controllers\Calificaciones->create()
10 SYSTEMPATH/CodeIgniter.php(499): CodeIgniter\CodeIgniter->runController(Object(App\Controllers\Calificaciones))
11 SYSTEMPATH/CodeIgniter.php(368): CodeIgniter\CodeIgniter->handleRequest(null, Object(Config\Cache), false)
12 FCPATH/index.php(67): CodeIgniter\CodeIgniter->run()
ERROR - 2023-07-05 14:59:03 --> mysqli_sql_exception: Cannot add or update a child row: a foreign key constraint fails (`app_agencia`.`calificaciones`, CONSTRAINT `calificaciones_ibfk_1` FOREIGN KEY (`ID_Usuario`) REFERENCES `usuarios` (`ID_Usuario`)) in /home/app/public_html/agencia/system/Database/MySQLi/Connection.php:295
Stack trace:
#0 /home/app/public_html/agencia/system/Database/MySQLi/Connection.php(295): mysqli->query('INSERT INTO `ca...', 0)
#1 /home/app/public_html/agencia/system/Database/BaseConnection.php(691): CodeIgniter\Database\MySQLi\Connection->execute('INSERT INTO `ca...')
#2 /home/app/public_html/agencia/system/Database/BaseConnection.php(605): CodeIgniter\Database\BaseConnection->simpleQuery('INSERT INTO `ca...')
#3 /home/app/public_html/agencia/system/Database/BaseBuilder.php(2309): CodeIgniter\Database\BaseConnection->query('INSERT INTO `ca...', Array, false)
#4 /home/app/public_html/agencia/system/Model.php(330): CodeIgniter\Database\BaseBuilder->insert()
#5 /home/app/public_html/agencia/system/BaseModel.php(782): CodeIgniter\Model->doInsert(Array)
#6 /home/app/public_html/agencia/system/Model.php(730): CodeIgniter\BaseModel->insert(Array, true)
#7 /home/app/public_html/agencia/app/Controllers/Calificaciones.php(134): CodeIgniter\Model->insert(Array)
#8 /home/app/public_html/agencia/system/CodeIgniter.php(934): App\Controllers\Calificaciones->create()
#9 /home/app/public_html/agencia/system/CodeIgniter.php(499): CodeIgniter\CodeIgniter->runController(Object(App\Controllers\Calificaciones))
#10 /home/app/public_html/agencia/system/CodeIgniter.php(368): CodeIgniter\CodeIgniter->handleRequest(NULL, Object(Config\Cache), false)
#11 /home/app/public_html/agencia/index.php(67): CodeIgniter\CodeIgniter->run()
#12 {main}
CRITICAL - 2023-07-05 14:59:03 --> Cannot add or update a child row: a foreign key constraint fails (`app_agencia`.`calificaciones`, CONSTRAINT `calificaciones_ibfk_1` FOREIGN KEY (`ID_Usuario`) REFERENCES `usuarios` (`ID_Usuario`))
in SYSTEMPATH/Database/MySQLi/Connection.php on line 295.
 1 SYSTEMPATH/Database/MySQLi/Connection.php(295): mysqli->query('INSERT INTO `calificaciones` (`ID_Usuario`, `ID_Paquete`, `puntuacion`, `fecha`) VALUES (\'7\', \'5\', \'10 estrellas\', \'02/03/2030\')', 0)
 2 SYSTEMPATH/Database/BaseConnection.php(691): CodeIgniter\Database\MySQLi\Connection->execute('INSERT INTO `calificaciones` (`ID_Usuario`, `ID_Paquete`, `puntuacion`, `fecha`) VALUES (\'7\', \'5\', \'10 estrellas\', \'02/03/2030\')')
 3 SYSTEMPATH/Database/BaseConnection.php(605): CodeIgniter\Database\BaseConnection->simpleQuery('INSERT INTO `calificaciones` (`ID_Usuario`, `ID_Paquete`, `puntuacion`, `fecha`) VALUES (\'7\', \'5\', \'10 estrellas\', \'02/03/2030\')')
 4 SYSTEMPATH/Database/BaseBuilder.php(2309): CodeIgniter\Database\BaseConnection->query('INSERT INTO `calificaciones` (`ID_Usuario`, `ID_Paquete`, `puntuacion`, `fecha`) VALUES (:ID_Usuario:, :ID_Paquete:, :puntuacion:, :fecha:)', [...], false)
 5 SYSTEMPATH/Model.php(330): CodeIgniter\Database\BaseBuilder->insert()
 6 SYSTEMPATH/BaseModel.php(782): CodeIgniter\Model->doInsert([...])
 7 SYSTEMPATH/Model.php(730): CodeIgniter\BaseModel->insert([...], true)
 8 APPPATH/Controllers/Calificaciones.php(134): CodeIgniter\Model->insert([...])
 9 SYSTEMPATH/CodeIgniter.php(934): App\Controllers\Calificaciones->create()
10 SYSTEMPATH/CodeIgniter.php(499): CodeIgniter\CodeIgniter->runController(Object(App\Controllers\Calificaciones))
11 SYSTEMPATH/CodeIgniter.php(368): CodeIgniter\CodeIgniter->handleRequest(null, Object(Config\Cache), false)
12 FCPATH/index.php(67): CodeIgniter\CodeIgniter->run()
