ERROR - 2024-05-02 22:47:52 --> mysqli_sql_exception: Cannot add or update a child row: a foreign key constraint fails (`app_agencia`.`usuarios`, CONSTRAINT `usuarios_ibfk_1` FOREIGN KEY (`ID_Rol`) REFERENCES `roles` (`ID_Rol`)) in /home/app/public_html/agencia/system/Database/MySQLi/Connection.php:295
Stack trace:
#0 /home/app/public_html/agencia/system/Database/MySQLi/Connection.php(295): mysqli->query('INSERT INTO `us...', 0)
#1 /home/app/public_html/agencia/system/Database/BaseConnection.php(691): CodeIgniter\Database\MySQLi\Connection->execute('INSERT INTO `us...')
#2 /home/app/public_html/agencia/system/Database/BaseConnection.php(605): CodeIgniter\Database\BaseConnection->simpleQuery('INSERT INTO `us...')
#3 /home/app/public_html/agencia/system/Database/BaseBuilder.php(2309): CodeIgniter\Database\BaseConnection->query('INSERT INTO `us...', Array, false)
#4 /home/app/public_html/agencia/system/Model.php(330): CodeIgniter\Database\BaseBuilder->insert()
#5 /home/app/public_html/agencia/system/BaseModel.php(782): CodeIgniter\Model->doInsert(Array)
#6 /home/app/public_html/agencia/system/Model.php(730): CodeIgniter\BaseModel->insert(Array, true)
#7 /home/app/public_html/agencia/app/Controllers/Usuarios.php(139): CodeIgniter\Model->insert(Array)
#8 /home/app/public_html/agencia/system/CodeIgniter.php(934): App\Controllers\Usuarios->create()
#9 /home/app/public_html/agencia/system/CodeIgniter.php(499): CodeIgniter\CodeIgniter->runController(Object(App\Controllers\Usuarios))
#10 /home/app/public_html/agencia/system/CodeIgniter.php(368): CodeIgniter\CodeIgniter->handleRequest(NULL, Object(Config\Cache), false)
#11 /home/app/public_html/agencia/index.php(67): CodeIgniter\CodeIgniter->run()
#12 {main}
CRITICAL - 2024-05-02 22:47:52 --> Cannot add or update a child row: a foreign key constraint fails (`app_agencia`.`usuarios`, CONSTRAINT `usuarios_ibfk_1` FOREIGN KEY (`ID_Rol`) REFERENCES `roles` (`ID_Rol`))
in SYSTEMPATH/Database/MySQLi/Connection.php on line 295.
 1 SYSTEMPATH/Database/MySQLi/Connection.php(295): mysqli->query('INSERT INTO `usuarios` (`nombreUsuario`, `email`, `contrasena`, `ID_Rol`) VALUES (\'nombreUsuario\', \'email@example.com\', \'contrasena\', \'1\')', 0)
 2 SYSTEMPATH/Database/BaseConnection.php(691): CodeIgniter\Database\MySQLi\Connection->execute('INSERT INTO `usuarios` (`nombreUsuario`, `email`, `contrasena`, `ID_Rol`) VALUES (\'nombreUsuario\', \'email@example.com\', \'contrasena\', \'1\')')
 3 SYSTEMPATH/Database/BaseConnection.php(605): CodeIgniter\Database\BaseConnection->simpleQuery('INSERT INTO `usuarios` (`nombreUsuario`, `email`, `contrasena`, `ID_Rol`) VALUES (\'nombreUsuario\', \'email@example.com\', \'contrasena\', \'1\')')
 4 SYSTEMPATH/Database/BaseBuilder.php(2309): CodeIgniter\Database\BaseConnection->query('INSERT INTO `usuarios` (`nombreUsuario`, `email`, `contrasena`, `ID_Rol`) VALUES (:nombreUsuario:, :email:, :contrasena:, :ID_Rol:)', [...], false)
 5 SYSTEMPATH/Model.php(330): CodeIgniter\Database\BaseBuilder->insert()
 6 SYSTEMPATH/BaseModel.php(782): CodeIgniter\Model->doInsert([...])
 7 SYSTEMPATH/Model.php(730): CodeIgniter\BaseModel->insert([...], true)
 8 APPPATH/Controllers/Usuarios.php(139): CodeIgniter\Model->insert([...])
 9 SYSTEMPATH/CodeIgniter.php(934): App\Controllers\Usuarios->create()
10 SYSTEMPATH/CodeIgniter.php(499): CodeIgniter\CodeIgniter->runController(Object(App\Controllers\Usuarios))
11 SYSTEMPATH/CodeIgniter.php(368): CodeIgniter\CodeIgniter->handleRequest(null, Object(Config\Cache), false)
12 FCPATH/index.php(67): CodeIgniter\CodeIgniter->run()
ERROR - 2024-05-02 22:47:57 --> mysqli_sql_exception: Cannot add or update a child row: a foreign key constraint fails (`app_agencia`.`usuarios`, CONSTRAINT `usuarios_ibfk_1` FOREIGN KEY (`ID_Rol`) REFERENCES `roles` (`ID_Rol`)) in /home/app/public_html/agencia/system/Database/MySQLi/Connection.php:295
Stack trace:
#0 /home/app/public_html/agencia/system/Database/MySQLi/Connection.php(295): mysqli->query('INSERT INTO `us...', 0)
#1 /home/app/public_html/agencia/system/Database/BaseConnection.php(691): CodeIgniter\Database\MySQLi\Connection->execute('INSERT INTO `us...')
#2 /home/app/public_html/agencia/system/Database/BaseConnection.php(605): CodeIgniter\Database\BaseConnection->simpleQuery('INSERT INTO `us...')
#3 /home/app/public_html/agencia/system/Database/BaseBuilder.php(2309): CodeIgniter\Database\BaseConnection->query('INSERT INTO `us...', Array, false)
#4 /home/app/public_html/agencia/system/Model.php(330): CodeIgniter\Database\BaseBuilder->insert()
#5 /home/app/public_html/agencia/system/BaseModel.php(782): CodeIgniter\Model->doInsert(Array)
#6 /home/app/public_html/agencia/system/Model.php(730): CodeIgniter\BaseModel->insert(Array, true)
#7 /home/app/public_html/agencia/app/Controllers/Usuarios.php(139): CodeIgniter\Model->insert(Array)
#8 /home/app/public_html/agencia/system/CodeIgniter.php(934): App\Controllers\Usuarios->create()
#9 /home/app/public_html/agencia/system/CodeIgniter.php(499): CodeIgniter\CodeIgniter->runController(Object(App\Controllers\Usuarios))
#10 /home/app/public_html/agencia/system/CodeIgniter.php(368): CodeIgniter\CodeIgniter->handleRequest(NULL, Object(Config\Cache), false)
#11 /home/app/public_html/agencia/index.php(67): CodeIgniter\CodeIgniter->run()
#12 {main}
CRITICAL - 2024-05-02 22:47:57 --> Cannot add or update a child row: a foreign key constraint fails (`app_agencia`.`usuarios`, CONSTRAINT `usuarios_ibfk_1` FOREIGN KEY (`ID_Rol`) REFERENCES `roles` (`ID_Rol`))
in SYSTEMPATH/Database/MySQLi/Connection.php on line 295.
 1 SYSTEMPATH/Database/MySQLi/Connection.php(295): mysqli->query('INSERT INTO `usuarios` (`nombreUsuario`, `email`, `contrasena`, `ID_Rol`) VALUES (\'nombreUsuario\', \'email@example.com\', \'contrasena\', \'1\')', 0)
 2 SYSTEMPATH/Database/BaseConnection.php(691): CodeIgniter\Database\MySQLi\Connection->execute('INSERT INTO `usuarios` (`nombreUsuario`, `email`, `contrasena`, `ID_Rol`) VALUES (\'nombreUsuario\', \'email@example.com\', \'contrasena\', \'1\')')
 3 SYSTEMPATH/Database/BaseConnection.php(605): CodeIgniter\Database\BaseConnection->simpleQuery('INSERT INTO `usuarios` (`nombreUsuario`, `email`, `contrasena`, `ID_Rol`) VALUES (\'nombreUsuario\', \'email@example.com\', \'contrasena\', \'1\')')
 4 SYSTEMPATH/Database/BaseBuilder.php(2309): CodeIgniter\Database\BaseConnection->query('INSERT INTO `usuarios` (`nombreUsuario`, `email`, `contrasena`, `ID_Rol`) VALUES (:nombreUsuario:, :email:, :contrasena:, :ID_Rol:)', [...], false)
 5 SYSTEMPATH/Model.php(330): CodeIgniter\Database\BaseBuilder->insert()
 6 SYSTEMPATH/BaseModel.php(782): CodeIgniter\Model->doInsert([...])
 7 SYSTEMPATH/Model.php(730): CodeIgniter\BaseModel->insert([...], true)
 8 APPPATH/Controllers/Usuarios.php(139): CodeIgniter\Model->insert([...])
 9 SYSTEMPATH/CodeIgniter.php(934): App\Controllers\Usuarios->create()
10 SYSTEMPATH/CodeIgniter.php(499): CodeIgniter\CodeIgniter->runController(Object(App\Controllers\Usuarios))
11 SYSTEMPATH/CodeIgniter.php(368): CodeIgniter\CodeIgniter->handleRequest(null, Object(Config\Cache), false)
12 FCPATH/index.php(67): CodeIgniter\CodeIgniter->run()
ERROR - 2024-05-02 22:48:13 --> mysqli_sql_exception: Cannot add or update a child row: a foreign key constraint fails (`app_agencia`.`usuarios`, CONSTRAINT `usuarios_ibfk_1` FOREIGN KEY (`ID_Rol`) REFERENCES `roles` (`ID_Rol`)) in /home/app/public_html/agencia/system/Database/MySQLi/Connection.php:295
Stack trace:
#0 /home/app/public_html/agencia/system/Database/MySQLi/Connection.php(295): mysqli->query('INSERT INTO `us...', 0)
#1 /home/app/public_html/agencia/system/Database/BaseConnection.php(691): CodeIgniter\Database\MySQLi\Connection->execute('INSERT INTO `us...')
#2 /home/app/public_html/agencia/system/Database/BaseConnection.php(605): CodeIgniter\Database\BaseConnection->simpleQuery('INSERT INTO `us...')
#3 /home/app/public_html/agencia/system/Database/BaseBuilder.php(2309): CodeIgniter\Database\BaseConnection->query('INSERT INTO `us...', Array, false)
#4 /home/app/public_html/agencia/system/Model.php(330): CodeIgniter\Database\BaseBuilder->insert()
#5 /home/app/public_html/agencia/system/BaseModel.php(782): CodeIgniter\Model->doInsert(Array)
#6 /home/app/public_html/agencia/system/Model.php(730): CodeIgniter\BaseModel->insert(Array, true)
#7 /home/app/public_html/agencia/app/Controllers/Usuarios.php(139): CodeIgniter\Model->insert(Array)
#8 /home/app/public_html/agencia/system/CodeIgniter.php(934): App\Controllers\Usuarios->create()
#9 /home/app/public_html/agencia/system/CodeIgniter.php(499): CodeIgniter\CodeIgniter->runController(Object(App\Controllers\Usuarios))
#10 /home/app/public_html/agencia/system/CodeIgniter.php(368): CodeIgniter\CodeIgniter->handleRequest(NULL, Object(Config\Cache), false)
#11 /home/app/public_html/agencia/index.php(67): CodeIgniter\CodeIgniter->run()
#12 {main}
CRITICAL - 2024-05-02 22:48:13 --> Cannot add or update a child row: a foreign key constraint fails (`app_agencia`.`usuarios`, CONSTRAINT `usuarios_ibfk_1` FOREIGN KEY (`ID_Rol`) REFERENCES `roles` (`ID_Rol`))
in SYSTEMPATH/Database/MySQLi/Connection.php on line 295.
 1 SYSTEMPATH/Database/MySQLi/Connection.php(295): mysqli->query('INSERT INTO `usuarios` (`nombreUsuario`, `email`, `contrasena`, `ID_Rol`) VALUES (\'nombreUsuario\', \'email@example.com\', \'contrasena\', \'1\')', 0)
 2 SYSTEMPATH/Database/BaseConnection.php(691): CodeIgniter\Database\MySQLi\Connection->execute('INSERT INTO `usuarios` (`nombreUsuario`, `email`, `contrasena`, `ID_Rol`) VALUES (\'nombreUsuario\', \'email@example.com\', \'contrasena\', \'1\')')
 3 SYSTEMPATH/Database/BaseConnection.php(605): CodeIgniter\Database\BaseConnection->simpleQuery('INSERT INTO `usuarios` (`nombreUsuario`, `email`, `contrasena`, `ID_Rol`) VALUES (\'nombreUsuario\', \'email@example.com\', \'contrasena\', \'1\')')
 4 SYSTEMPATH/Database/BaseBuilder.php(2309): CodeIgniter\Database\BaseConnection->query('INSERT INTO `usuarios` (`nombreUsuario`, `email`, `contrasena`, `ID_Rol`) VALUES (:nombreUsuario:, :email:, :contrasena:, :ID_Rol:)', [...], false)
 5 SYSTEMPATH/Model.php(330): CodeIgniter\Database\BaseBuilder->insert()
 6 SYSTEMPATH/BaseModel.php(782): CodeIgniter\Model->doInsert([...])
 7 SYSTEMPATH/Model.php(730): CodeIgniter\BaseModel->insert([...], true)
 8 APPPATH/Controllers/Usuarios.php(139): CodeIgniter\Model->insert([...])
 9 SYSTEMPATH/CodeIgniter.php(934): App\Controllers\Usuarios->create()
10 SYSTEMPATH/CodeIgniter.php(499): CodeIgniter\CodeIgniter->runController(Object(App\Controllers\Usuarios))
11 SYSTEMPATH/CodeIgniter.php(368): CodeIgniter\CodeIgniter->handleRequest(null, Object(Config\Cache), false)
12 FCPATH/index.php(67): CodeIgniter\CodeIgniter->run()
ERROR - 2024-05-02 22:48:21 --> mysqli_sql_exception: Cannot add or update a child row: a foreign key constraint fails (`app_agencia`.`usuarios`, CONSTRAINT `usuarios_ibfk_1` FOREIGN KEY (`ID_Rol`) REFERENCES `roles` (`ID_Rol`)) in /home/app/public_html/agencia/system/Database/MySQLi/Connection.php:295
Stack trace:
#0 /home/app/public_html/agencia/system/Database/MySQLi/Connection.php(295): mysqli->query('INSERT INTO `us...', 0)
#1 /home/app/public_html/agencia/system/Database/BaseConnection.php(691): CodeIgniter\Database\MySQLi\Connection->execute('INSERT INTO `us...')
#2 /home/app/public_html/agencia/system/Database/BaseConnection.php(605): CodeIgniter\Database\BaseConnection->simpleQuery('INSERT INTO `us...')
#3 /home/app/public_html/agencia/system/Database/BaseBuilder.php(2309): CodeIgniter\Database\BaseConnection->query('INSERT INTO `us...', Array, false)
#4 /home/app/public_html/agencia/system/Model.php(330): CodeIgniter\Database\BaseBuilder->insert()
#5 /home/app/public_html/agencia/system/BaseModel.php(782): CodeIgniter\Model->doInsert(Array)
#6 /home/app/public_html/agencia/system/Model.php(730): CodeIgniter\BaseModel->insert(Array, true)
#7 /home/app/public_html/agencia/app/Controllers/Usuarios.php(139): CodeIgniter\Model->insert(Array)
#8 /home/app/public_html/agencia/system/CodeIgniter.php(934): App\Controllers\Usuarios->create()
#9 /home/app/public_html/agencia/system/CodeIgniter.php(499): CodeIgniter\CodeIgniter->runController(Object(App\Controllers\Usuarios))
#10 /home/app/public_html/agencia/system/CodeIgniter.php(368): CodeIgniter\CodeIgniter->handleRequest(NULL, Object(Config\Cache), false)
#11 /home/app/public_html/agencia/index.php(67): CodeIgniter\CodeIgniter->run()
#12 {main}
CRITICAL - 2024-05-02 22:48:21 --> Cannot add or update a child row: a foreign key constraint fails (`app_agencia`.`usuarios`, CONSTRAINT `usuarios_ibfk_1` FOREIGN KEY (`ID_Rol`) REFERENCES `roles` (`ID_Rol`))
in SYSTEMPATH/Database/MySQLi/Connection.php on line 295.
 1 SYSTEMPATH/Database/MySQLi/Connection.php(295): mysqli->query('INSERT INTO `usuarios` (`nombreUsuario`, `email`, `contrasena`, `ID_Rol`) VALUES (\'nombreUsuario\', \'email@example.com\', \'contrasena\', \'1\')', 0)
 2 SYSTEMPATH/Database/BaseConnection.php(691): CodeIgniter\Database\MySQLi\Connection->execute('INSERT INTO `usuarios` (`nombreUsuario`, `email`, `contrasena`, `ID_Rol`) VALUES (\'nombreUsuario\', \'email@example.com\', \'contrasena\', \'1\')')
 3 SYSTEMPATH/Database/BaseConnection.php(605): CodeIgniter\Database\BaseConnection->simpleQuery('INSERT INTO `usuarios` (`nombreUsuario`, `email`, `contrasena`, `ID_Rol`) VALUES (\'nombreUsuario\', \'email@example.com\', \'contrasena\', \'1\')')
 4 SYSTEMPATH/Database/BaseBuilder.php(2309): CodeIgniter\Database\BaseConnection->query('INSERT INTO `usuarios` (`nombreUsuario`, `email`, `contrasena`, `ID_Rol`) VALUES (:nombreUsuario:, :email:, :contrasena:, :ID_Rol:)', [...], false)
 5 SYSTEMPATH/Model.php(330): CodeIgniter\Database\BaseBuilder->insert()
 6 SYSTEMPATH/BaseModel.php(782): CodeIgniter\Model->doInsert([...])
 7 SYSTEMPATH/Model.php(730): CodeIgniter\BaseModel->insert([...], true)
 8 APPPATH/Controllers/Usuarios.php(139): CodeIgniter\Model->insert([...])
 9 SYSTEMPATH/CodeIgniter.php(934): App\Controllers\Usuarios->create()
10 SYSTEMPATH/CodeIgniter.php(499): CodeIgniter\CodeIgniter->runController(Object(App\Controllers\Usuarios))
11 SYSTEMPATH/CodeIgniter.php(368): CodeIgniter\CodeIgniter->handleRequest(null, Object(Config\Cache), false)
12 FCPATH/index.php(67): CodeIgniter\CodeIgniter->run()
ERROR - 2024-05-02 22:48:39 --> mysqli_sql_exception: Cannot add or update a child row: a foreign key constraint fails (`app_agencia`.`usuarios`, CONSTRAINT `usuarios_ibfk_1` FOREIGN KEY (`ID_Rol`) REFERENCES `roles` (`ID_Rol`)) in /home/app/public_html/agencia/system/Database/MySQLi/Connection.php:295
Stack trace:
#0 /home/app/public_html/agencia/system/Database/MySQLi/Connection.php(295): mysqli->query('INSERT INTO `us...', 0)
#1 /home/app/public_html/agencia/system/Database/BaseConnection.php(691): CodeIgniter\Database\MySQLi\Connection->execute('INSERT INTO `us...')
#2 /home/app/public_html/agencia/system/Database/BaseConnection.php(605): CodeIgniter\Database\BaseConnection->simpleQuery('INSERT INTO `us...')
#3 /home/app/public_html/agencia/system/Database/BaseBuilder.php(2309): CodeIgniter\Database\BaseConnection->query('INSERT INTO `us...', Array, false)
#4 /home/app/public_html/agencia/system/Model.php(330): CodeIgniter\Database\BaseBuilder->insert()
#5 /home/app/public_html/agencia/system/BaseModel.php(782): CodeIgniter\Model->doInsert(Array)
#6 /home/app/public_html/agencia/system/Model.php(730): CodeIgniter\BaseModel->insert(Array, true)
#7 /home/app/public_html/agencia/app/Controllers/Usuarios.php(139): CodeIgniter\Model->insert(Array)
#8 /home/app/public_html/agencia/system/CodeIgniter.php(934): App\Controllers\Usuarios->create()
#9 /home/app/public_html/agencia/system/CodeIgniter.php(499): CodeIgniter\CodeIgniter->runController(Object(App\Controllers\Usuarios))
#10 /home/app/public_html/agencia/system/CodeIgniter.php(368): CodeIgniter\CodeIgniter->handleRequest(NULL, Object(Config\Cache), false)
#11 /home/app/public_html/agencia/index.php(67): CodeIgniter\CodeIgniter->run()
#12 {main}
CRITICAL - 2024-05-02 22:48:39 --> Cannot add or update a child row: a foreign key constraint fails (`app_agencia`.`usuarios`, CONSTRAINT `usuarios_ibfk_1` FOREIGN KEY (`ID_Rol`) REFERENCES `roles` (`ID_Rol`))
in SYSTEMPATH/Database/MySQLi/Connection.php on line 295.
 1 SYSTEMPATH/Database/MySQLi/Connection.php(295): mysqli->query('INSERT INTO `usuarios` (`nombreUsuario`, `email`, `contrasena`, `ID_Rol`) VALUES (\'nombreUsuario\', \'email@example.com\', \'contrasena\', \'1\')', 0)
 2 SYSTEMPATH/Database/BaseConnection.php(691): CodeIgniter\Database\MySQLi\Connection->execute('INSERT INTO `usuarios` (`nombreUsuario`, `email`, `contrasena`, `ID_Rol`) VALUES (\'nombreUsuario\', \'email@example.com\', \'contrasena\', \'1\')')
 3 SYSTEMPATH/Database/BaseConnection.php(605): CodeIgniter\Database\BaseConnection->simpleQuery('INSERT INTO `usuarios` (`nombreUsuario`, `email`, `contrasena`, `ID_Rol`) VALUES (\'nombreUsuario\', \'email@example.com\', \'contrasena\', \'1\')')
 4 SYSTEMPATH/Database/BaseBuilder.php(2309): CodeIgniter\Database\BaseConnection->query('INSERT INTO `usuarios` (`nombreUsuario`, `email`, `contrasena`, `ID_Rol`) VALUES (:nombreUsuario:, :email:, :contrasena:, :ID_Rol:)', [...], false)
 5 SYSTEMPATH/Model.php(330): CodeIgniter\Database\BaseBuilder->insert()
 6 SYSTEMPATH/BaseModel.php(782): CodeIgniter\Model->doInsert([...])
 7 SYSTEMPATH/Model.php(730): CodeIgniter\BaseModel->insert([...], true)
 8 APPPATH/Controllers/Usuarios.php(139): CodeIgniter\Model->insert([...])
 9 SYSTEMPATH/CodeIgniter.php(934): App\Controllers\Usuarios->create()
10 SYSTEMPATH/CodeIgniter.php(499): CodeIgniter\CodeIgniter->runController(Object(App\Controllers\Usuarios))
11 SYSTEMPATH/CodeIgniter.php(368): CodeIgniter\CodeIgniter->handleRequest(null, Object(Config\Cache), false)
12 FCPATH/index.php(67): CodeIgniter\CodeIgniter->run()
ERROR - 2024-05-02 22:52:55 --> mysqli_sql_exception: Cannot add or update a child row: a foreign key constraint fails (`app_agencia`.`usuarios`, CONSTRAINT `usuarios_ibfk_1` FOREIGN KEY (`ID_Rol`) REFERENCES `roles` (`ID_Rol`)) in /home/app/public_html/agencia/system/Database/MySQLi/Connection.php:295
Stack trace:
#0 /home/app/public_html/agencia/system/Database/MySQLi/Connection.php(295): mysqli->query('INSERT INTO `us...', 0)
#1 /home/app/public_html/agencia/system/Database/BaseConnection.php(691): CodeIgniter\Database\MySQLi\Connection->execute('INSERT INTO `us...')
#2 /home/app/public_html/agencia/system/Database/BaseConnection.php(605): CodeIgniter\Database\BaseConnection->simpleQuery('INSERT INTO `us...')
#3 /home/app/public_html/agencia/system/Database/BaseBuilder.php(2309): CodeIgniter\Database\BaseConnection->query('INSERT INTO `us...', Array, false)
#4 /home/app/public_html/agencia/system/Model.php(330): CodeIgniter\Database\BaseBuilder->insert()
#5 /home/app/public_html/agencia/system/BaseModel.php(782): CodeIgniter\Model->doInsert(Array)
#6 /home/app/public_html/agencia/system/Model.php(730): CodeIgniter\BaseModel->insert(Array, true)
#7 /home/app/public_html/agencia/app/Controllers/Usuarios.php(139): CodeIgniter\Model->insert(Array)
#8 /home/app/public_html/agencia/system/CodeIgniter.php(934): App\Controllers\Usuarios->create()
#9 /home/app/public_html/agencia/system/CodeIgniter.php(499): CodeIgniter\CodeIgniter->runController(Object(App\Controllers\Usuarios))
#10 /home/app/public_html/agencia/system/CodeIgniter.php(368): CodeIgniter\CodeIgniter->handleRequest(NULL, Object(Config\Cache), false)
#11 /home/app/public_html/agencia/index.php(67): CodeIgniter\CodeIgniter->run()
#12 {main}
CRITICAL - 2024-05-02 22:52:55 --> Cannot add or update a child row: a foreign key constraint fails (`app_agencia`.`usuarios`, CONSTRAINT `usuarios_ibfk_1` FOREIGN KEY (`ID_Rol`) REFERENCES `roles` (`ID_Rol`))
in SYSTEMPATH/Database/MySQLi/Connection.php on line 295.
 1 SYSTEMPATH/Database/MySQLi/Connection.php(295): mysqli->query('INSERT INTO `usuarios` (`nombreUsuario`, `email`, `contrasena`, `ID_Rol`) VALUES (\'nombreUsuario\', \'email@example.com\', \'contrasena\', \'1\')', 0)
 2 SYSTEMPATH/Database/BaseConnection.php(691): CodeIgniter\Database\MySQLi\Connection->execute('INSERT INTO `usuarios` (`nombreUsuario`, `email`, `contrasena`, `ID_Rol`) VALUES (\'nombreUsuario\', \'email@example.com\', \'contrasena\', \'1\')')
 3 SYSTEMPATH/Database/BaseConnection.php(605): CodeIgniter\Database\BaseConnection->simpleQuery('INSERT INTO `usuarios` (`nombreUsuario`, `email`, `contrasena`, `ID_Rol`) VALUES (\'nombreUsuario\', \'email@example.com\', \'contrasena\', \'1\')')
 4 SYSTEMPATH/Database/BaseBuilder.php(2309): CodeIgniter\Database\BaseConnection->query('INSERT INTO `usuarios` (`nombreUsuario`, `email`, `contrasena`, `ID_Rol`) VALUES (:nombreUsuario:, :email:, :contrasena:, :ID_Rol:)', [...], false)
 5 SYSTEMPATH/Model.php(330): CodeIgniter\Database\BaseBuilder->insert()
 6 SYSTEMPATH/BaseModel.php(782): CodeIgniter\Model->doInsert([...])
 7 SYSTEMPATH/Model.php(730): CodeIgniter\BaseModel->insert([...], true)
 8 APPPATH/Controllers/Usuarios.php(139): CodeIgniter\Model->insert([...])
 9 SYSTEMPATH/CodeIgniter.php(934): App\Controllers\Usuarios->create()
10 SYSTEMPATH/CodeIgniter.php(499): CodeIgniter\CodeIgniter->runController(Object(App\Controllers\Usuarios))
11 SYSTEMPATH/CodeIgniter.php(368): CodeIgniter\CodeIgniter->handleRequest(null, Object(Config\Cache), false)
12 FCPATH/index.php(67): CodeIgniter\CodeIgniter->run()
